Start testing: Feb 24 19:55 CET
----------------------------------------------------------
1/53 Testing: EmptyTree.InsertNode
1/53 Test: EmptyTree.InsertNode
Command: "/home/tedro/Desktop/D Projekty/VUT/1BIT/semester_2/IVS/proj1/assignment/build/black_box_test" "--gtest_filter=EmptyTree.InsertNode"
Directory: /home/tedro/Desktop/D Projekty/VUT/1BIT/semester_2/IVS/proj1/assignment/build
"EmptyTree.InsertNode" start time: Feb 24 19:55 CET
Output:
----------------------------------------------------------
Running main() from /home/tedro/Desktop/D Projekty/VUT/1BIT/semester_2/IVS/proj1/assignment/build/googletest-master/googletest/src/gtest_main.cc
Note: Google Test filter = EmptyTree.InsertNode
[==========] Running 1 test from 1 test suite.
[----------] Global test environment set-up.
[----------] 1 test from EmptyTree
[ RUN      ] EmptyTree.InsertNode
[       OK ] EmptyTree.InsertNode (0 ms)
[----------] 1 test from EmptyTree (0 ms total)

[----------] Global test environment tear-down
[==========] 1 test from 1 test suite ran. (1 ms total)
[  PASSED  ] 1 test.
<end of output>
Test time =   0.00 sec
----------------------------------------------------------
Test Passed.
"EmptyTree.InsertNode" end time: Feb 24 19:55 CET
"EmptyTree.InsertNode" time elapsed: 00:00:00
----------------------------------------------------------

2/53 Testing: EmptyTree.DeleteNode
2/53 Test: EmptyTree.DeleteNode
Command: "/home/tedro/Desktop/D Projekty/VUT/1BIT/semester_2/IVS/proj1/assignment/build/black_box_test" "--gtest_filter=EmptyTree.DeleteNode"
Directory: /home/tedro/Desktop/D Projekty/VUT/1BIT/semester_2/IVS/proj1/assignment/build
"EmptyTree.DeleteNode" start time: Feb 24 19:55 CET
Output:
----------------------------------------------------------
Running main() from /home/tedro/Desktop/D Projekty/VUT/1BIT/semester_2/IVS/proj1/assignment/build/googletest-master/googletest/src/gtest_main.cc
Note: Google Test filter = EmptyTree.DeleteNode
[==========] Running 1 test from 1 test suite.
[----------] Global test environment set-up.
[----------] 1 test from EmptyTree
[ RUN      ] EmptyTree.DeleteNode
[       OK ] EmptyTree.DeleteNode (0 ms)
[----------] 1 test from EmptyTree (0 ms total)

[----------] Global test environment tear-down
[==========] 1 test from 1 test suite ran. (0 ms total)
[  PASSED  ] 1 test.
<end of output>
Test time =   0.00 sec
----------------------------------------------------------
Test Passed.
"EmptyTree.DeleteNode" end time: Feb 24 19:55 CET
"EmptyTree.DeleteNode" time elapsed: 00:00:00
----------------------------------------------------------

3/53 Testing: EmptyTree.FindNode
3/53 Test: EmptyTree.FindNode
Command: "/home/tedro/Desktop/D Projekty/VUT/1BIT/semester_2/IVS/proj1/assignment/build/black_box_test" "--gtest_filter=EmptyTree.FindNode"
Directory: /home/tedro/Desktop/D Projekty/VUT/1BIT/semester_2/IVS/proj1/assignment/build
"EmptyTree.FindNode" start time: Feb 24 19:55 CET
Output:
----------------------------------------------------------
Running main() from /home/tedro/Desktop/D Projekty/VUT/1BIT/semester_2/IVS/proj1/assignment/build/googletest-master/googletest/src/gtest_main.cc
Note: Google Test filter = EmptyTree.FindNode
[==========] Running 1 test from 1 test suite.
[----------] Global test environment set-up.
[----------] 1 test from EmptyTree
[ RUN      ] EmptyTree.FindNode
[       OK ] EmptyTree.FindNode (0 ms)
[----------] 1 test from EmptyTree (0 ms total)

[----------] Global test environment tear-down
[==========] 1 test from 1 test suite ran. (0 ms total)
[  PASSED  ] 1 test.
<end of output>
Test time =   0.01 sec
----------------------------------------------------------
Test Passed.
"EmptyTree.FindNode" end time: Feb 24 19:55 CET
"EmptyTree.FindNode" time elapsed: 00:00:00
----------------------------------------------------------

4/53 Testing: NonEmptyTree.InsertNode_Existing
4/53 Test: NonEmptyTree.InsertNode_Existing
Command: "/home/tedro/Desktop/D Projekty/VUT/1BIT/semester_2/IVS/proj1/assignment/build/black_box_test" "--gtest_filter=NonEmptyTree.InsertNode_Existing"
Directory: /home/tedro/Desktop/D Projekty/VUT/1BIT/semester_2/IVS/proj1/assignment/build
"NonEmptyTree.InsertNode_Existing" start time: Feb 24 19:55 CET
Output:
----------------------------------------------------------
Running main() from /home/tedro/Desktop/D Projekty/VUT/1BIT/semester_2/IVS/proj1/assignment/build/googletest-master/googletest/src/gtest_main.cc
Note: Google Test filter = NonEmptyTree.InsertNode_Existing
[==========] Running 1 test from 1 test suite.
[----------] Global test environment set-up.
[----------] 1 test from NonEmptyTree
[ RUN      ] NonEmptyTree.InsertNode_Existing
[       OK ] NonEmptyTree.InsertNode_Existing (1 ms)
[----------] 1 test from NonEmptyTree (1 ms total)

[----------] Global test environment tear-down
[==========] 1 test from 1 test suite ran. (1 ms total)
[  PASSED  ] 1 test.
<end of output>
Test time =   0.00 sec
----------------------------------------------------------
Test Passed.
"NonEmptyTree.InsertNode_Existing" end time: Feb 24 19:55 CET
"NonEmptyTree.InsertNode_Existing" time elapsed: 00:00:00
----------------------------------------------------------

5/53 Testing: NonEmptyTree.InsertNode
5/53 Test: NonEmptyTree.InsertNode
Command: "/home/tedro/Desktop/D Projekty/VUT/1BIT/semester_2/IVS/proj1/assignment/build/black_box_test" "--gtest_filter=NonEmptyTree.InsertNode"
Directory: /home/tedro/Desktop/D Projekty/VUT/1BIT/semester_2/IVS/proj1/assignment/build
"NonEmptyTree.InsertNode" start time: Feb 24 19:55 CET
Output:
----------------------------------------------------------
Running main() from /home/tedro/Desktop/D Projekty/VUT/1BIT/semester_2/IVS/proj1/assignment/build/googletest-master/googletest/src/gtest_main.cc
Note: Google Test filter = NonEmptyTree.InsertNode
[==========] Running 1 test from 1 test suite.
[----------] Global test environment set-up.
[----------] 1 test from NonEmptyTree
[ RUN      ] NonEmptyTree.InsertNode
[       OK ] NonEmptyTree.InsertNode (0 ms)
[----------] 1 test from NonEmptyTree (0 ms total)

[----------] Global test environment tear-down
[==========] 1 test from 1 test suite ran. (0 ms total)
[  PASSED  ] 1 test.
<end of output>
Test time =   0.01 sec
----------------------------------------------------------
Test Passed.
"NonEmptyTree.InsertNode" end time: Feb 24 19:55 CET
"NonEmptyTree.InsertNode" time elapsed: 00:00:00
----------------------------------------------------------

6/53 Testing: NonEmptyTree.DeleteNode_NonExistant
6/53 Test: NonEmptyTree.DeleteNode_NonExistant
Command: "/home/tedro/Desktop/D Projekty/VUT/1BIT/semester_2/IVS/proj1/assignment/build/black_box_test" "--gtest_filter=NonEmptyTree.DeleteNode_NonExistant"
Directory: /home/tedro/Desktop/D Projekty/VUT/1BIT/semester_2/IVS/proj1/assignment/build
"NonEmptyTree.DeleteNode_NonExistant" start time: Feb 24 19:55 CET
Output:
----------------------------------------------------------
Running main() from /home/tedro/Desktop/D Projekty/VUT/1BIT/semester_2/IVS/proj1/assignment/build/googletest-master/googletest/src/gtest_main.cc
Note: Google Test filter = NonEmptyTree.DeleteNode_NonExistant
[==========] Running 1 test from 1 test suite.
[----------] Global test environment set-up.
[----------] 1 test from NonEmptyTree
[ RUN      ] NonEmptyTree.DeleteNode_NonExistant
[       OK ] NonEmptyTree.DeleteNode_NonExistant (0 ms)
[----------] 1 test from NonEmptyTree (0 ms total)

[----------] Global test environment tear-down
[==========] 1 test from 1 test suite ran. (0 ms total)
[  PASSED  ] 1 test.
<end of output>
Test time =   0.01 sec
----------------------------------------------------------
Test Passed.
"NonEmptyTree.DeleteNode_NonExistant" end time: Feb 24 19:55 CET
"NonEmptyTree.DeleteNode_NonExistant" time elapsed: 00:00:00
----------------------------------------------------------

7/53 Testing: NonEmptyTree.DeleteNode
7/53 Test: NonEmptyTree.DeleteNode
Command: "/home/tedro/Desktop/D Projekty/VUT/1BIT/semester_2/IVS/proj1/assignment/build/black_box_test" "--gtest_filter=NonEmptyTree.DeleteNode"
Directory: /home/tedro/Desktop/D Projekty/VUT/1BIT/semester_2/IVS/proj1/assignment/build
"NonEmptyTree.DeleteNode" start time: Feb 24 19:55 CET
Output:
----------------------------------------------------------
Running main() from /home/tedro/Desktop/D Projekty/VUT/1BIT/semester_2/IVS/proj1/assignment/build/googletest-master/googletest/src/gtest_main.cc
Note: Google Test filter = NonEmptyTree.DeleteNode
[==========] Running 1 test from 1 test suite.
[----------] Global test environment set-up.
[----------] 1 test from NonEmptyTree
[ RUN      ] NonEmptyTree.DeleteNode
[       OK ] NonEmptyTree.DeleteNode (0 ms)
[----------] 1 test from NonEmptyTree (0 ms total)

[----------] Global test environment tear-down
[==========] 1 test from 1 test suite ran. (0 ms total)
[  PASSED  ] 1 test.
<end of output>
Test time =   0.00 sec
----------------------------------------------------------
Test Passed.
"NonEmptyTree.DeleteNode" end time: Feb 24 19:55 CET
"NonEmptyTree.DeleteNode" time elapsed: 00:00:00
----------------------------------------------------------

8/53 Testing: NonEmptyTree.FindNode_NonExistant
8/53 Test: NonEmptyTree.FindNode_NonExistant
Command: "/home/tedro/Desktop/D Projekty/VUT/1BIT/semester_2/IVS/proj1/assignment/build/black_box_test" "--gtest_filter=NonEmptyTree.FindNode_NonExistant"
Directory: /home/tedro/Desktop/D Projekty/VUT/1BIT/semester_2/IVS/proj1/assignment/build
"NonEmptyTree.FindNode_NonExistant" start time: Feb 24 19:55 CET
Output:
----------------------------------------------------------
Running main() from /home/tedro/Desktop/D Projekty/VUT/1BIT/semester_2/IVS/proj1/assignment/build/googletest-master/googletest/src/gtest_main.cc
Note: Google Test filter = NonEmptyTree.FindNode_NonExistant
[==========] Running 1 test from 1 test suite.
[----------] Global test environment set-up.
[----------] 1 test from NonEmptyTree
[ RUN      ] NonEmptyTree.FindNode_NonExistant
[       OK ] NonEmptyTree.FindNode_NonExistant (0 ms)
[----------] 1 test from NonEmptyTree (0 ms total)

[----------] Global test environment tear-down
[==========] 1 test from 1 test suite ran. (0 ms total)
[  PASSED  ] 1 test.
<end of output>
Test time =   0.00 sec
----------------------------------------------------------
Test Passed.
"NonEmptyTree.FindNode_NonExistant" end time: Feb 24 19:55 CET
"NonEmptyTree.FindNode_NonExistant" time elapsed: 00:00:00
----------------------------------------------------------

9/53 Testing: NonEmptyTree.FindNode
9/53 Test: NonEmptyTree.FindNode
Command: "/home/tedro/Desktop/D Projekty/VUT/1BIT/semester_2/IVS/proj1/assignment/build/black_box_test" "--gtest_filter=NonEmptyTree.FindNode"
Directory: /home/tedro/Desktop/D Projekty/VUT/1BIT/semester_2/IVS/proj1/assignment/build
"NonEmptyTree.FindNode" start time: Feb 24 19:55 CET
Output:
----------------------------------------------------------
Running main() from /home/tedro/Desktop/D Projekty/VUT/1BIT/semester_2/IVS/proj1/assignment/build/googletest-master/googletest/src/gtest_main.cc
Note: Google Test filter = NonEmptyTree.FindNode
[==========] Running 1 test from 1 test suite.
[----------] Global test environment set-up.
[----------] 1 test from NonEmptyTree
[ RUN      ] NonEmptyTree.FindNode
[       OK ] NonEmptyTree.FindNode (0 ms)
[----------] 1 test from NonEmptyTree (0 ms total)

[----------] Global test environment tear-down
[==========] 1 test from 1 test suite ran. (0 ms total)
[  PASSED  ] 1 test.
<end of output>
Test time =   0.01 sec
----------------------------------------------------------
Test Passed.
"NonEmptyTree.FindNode" end time: Feb 24 19:55 CET
"NonEmptyTree.FindNode" time elapsed: 00:00:00
----------------------------------------------------------

10/53 Testing: TreeAxioms.Axiom1
10/53 Test: TreeAxioms.Axiom1
Command: "/home/tedro/Desktop/D Projekty/VUT/1BIT/semester_2/IVS/proj1/assignment/build/black_box_test" "--gtest_filter=TreeAxioms.Axiom1"
Directory: /home/tedro/Desktop/D Projekty/VUT/1BIT/semester_2/IVS/proj1/assignment/build
"TreeAxioms.Axiom1" start time: Feb 24 19:55 CET
Output:
----------------------------------------------------------
Running main() from /home/tedro/Desktop/D Projekty/VUT/1BIT/semester_2/IVS/proj1/assignment/build/googletest-master/googletest/src/gtest_main.cc
Note: Google Test filter = TreeAxioms.Axiom1
[==========] Running 1 test from 1 test suite.
[----------] Global test environment set-up.
[----------] 1 test from TreeAxioms
[ RUN      ] TreeAxioms.Axiom1
[       OK ] TreeAxioms.Axiom1 (0 ms)
[----------] 1 test from TreeAxioms (0 ms total)

[----------] Global test environment tear-down
[==========] 1 test from 1 test suite ran. (0 ms total)
[  PASSED  ] 1 test.
<end of output>
Test time =   0.01 sec
----------------------------------------------------------
Test Passed.
"TreeAxioms.Axiom1" end time: Feb 24 19:55 CET
"TreeAxioms.Axiom1" time elapsed: 00:00:00
----------------------------------------------------------

11/53 Testing: TreeAxioms.Axiom2
11/53 Test: TreeAxioms.Axiom2
Command: "/home/tedro/Desktop/D Projekty/VUT/1BIT/semester_2/IVS/proj1/assignment/build/black_box_test" "--gtest_filter=TreeAxioms.Axiom2"
Directory: /home/tedro/Desktop/D Projekty/VUT/1BIT/semester_2/IVS/proj1/assignment/build
"TreeAxioms.Axiom2" start time: Feb 24 19:55 CET
Output:
----------------------------------------------------------
Running main() from /home/tedro/Desktop/D Projekty/VUT/1BIT/semester_2/IVS/proj1/assignment/build/googletest-master/googletest/src/gtest_main.cc
Note: Google Test filter = TreeAxioms.Axiom2
[==========] Running 1 test from 1 test suite.
[----------] Global test environment set-up.
[----------] 1 test from TreeAxioms
[ RUN      ] TreeAxioms.Axiom2
[       OK ] TreeAxioms.Axiom2 (0 ms)
[----------] 1 test from TreeAxioms (0 ms total)

[----------] Global test environment tear-down
[==========] 1 test from 1 test suite ran. (0 ms total)
[  PASSED  ] 1 test.
<end of output>
Test time =   0.01 sec
----------------------------------------------------------
Test Passed.
"TreeAxioms.Axiom2" end time: Feb 24 19:55 CET
"TreeAxioms.Axiom2" time elapsed: 00:00:00
----------------------------------------------------------

12/53 Testing: TreeAxioms.Axiom3
12/53 Test: TreeAxioms.Axiom3
Command: "/home/tedro/Desktop/D Projekty/VUT/1BIT/semester_2/IVS/proj1/assignment/build/black_box_test" "--gtest_filter=TreeAxioms.Axiom3"
Directory: /home/tedro/Desktop/D Projekty/VUT/1BIT/semester_2/IVS/proj1/assignment/build
"TreeAxioms.Axiom3" start time: Feb 24 19:55 CET
Output:
----------------------------------------------------------
Running main() from /home/tedro/Desktop/D Projekty/VUT/1BIT/semester_2/IVS/proj1/assignment/build/googletest-master/googletest/src/gtest_main.cc
Note: Google Test filter = TreeAxioms.Axiom3
[==========] Running 1 test from 1 test suite.
[----------] Global test environment set-up.
[----------] 1 test from TreeAxioms
[ RUN      ] TreeAxioms.Axiom3
[       OK ] TreeAxioms.Axiom3 (0 ms)
[----------] 1 test from TreeAxioms (0 ms total)

[----------] Global test environment tear-down
[==========] 1 test from 1 test suite ran. (0 ms total)
[  PASSED  ] 1 test.
<end of output>
Test time =   0.00 sec
----------------------------------------------------------
Test Passed.
"TreeAxioms.Axiom3" end time: Feb 24 19:55 CET
"TreeAxioms.Axiom3" time elapsed: 00:00:00
----------------------------------------------------------

13/53 Testing: General.ConstSquare1Matrix
13/53 Test: General.ConstSquare1Matrix
Command: "/home/tedro/Desktop/D Projekty/VUT/1BIT/semester_2/IVS/proj1/assignment/build/white_box_test" "--gtest_filter=General.ConstSquare1Matrix"
Directory: /home/tedro/Desktop/D Projekty/VUT/1BIT/semester_2/IVS/proj1/assignment/build
"General.ConstSquare1Matrix" start time: Feb 24 19:55 CET
Output:
----------------------------------------------------------
Running main() from /home/tedro/Desktop/D Projekty/VUT/1BIT/semester_2/IVS/proj1/assignment/build/googletest-master/googletest/src/gtest_main.cc
Note: Google Test filter = General.ConstSquare1Matrix
[==========] Running 1 test from 1 test suite.
[----------] Global test environment set-up.
[----------] 1 test from General
[ RUN      ] General.ConstSquare1Matrix
[       OK ] General.ConstSquare1Matrix (0 ms)
[----------] 1 test from General (0 ms total)

[----------] Global test environment tear-down
[==========] 1 test from 1 test suite ran. (1 ms total)
[  PASSED  ] 1 test.
libgcov profiling error:/home/tedro/Desktop/D Projekty/VUT/1BIT/semester_2/IVS/proj1/assignment/build/CMakeFiles/white_box_test.dir/white_box_tests.cpp.gcda:overwriting an existing profile data with a different timestamp
<end of output>
Test time =   0.01 sec
----------------------------------------------------------
Test Passed.
"General.ConstSquare1Matrix" end time: Feb 24 19:55 CET
"General.ConstSquare1Matrix" time elapsed: 00:00:00
----------------------------------------------------------

14/53 Testing: General.ConstValidMatrix
14/53 Test: General.ConstValidMatrix
Command: "/home/tedro/Desktop/D Projekty/VUT/1BIT/semester_2/IVS/proj1/assignment/build/white_box_test" "--gtest_filter=General.ConstValidMatrix"
Directory: /home/tedro/Desktop/D Projekty/VUT/1BIT/semester_2/IVS/proj1/assignment/build
"General.ConstValidMatrix" start time: Feb 24 19:55 CET
Output:
----------------------------------------------------------
Running main() from /home/tedro/Desktop/D Projekty/VUT/1BIT/semester_2/IVS/proj1/assignment/build/googletest-master/googletest/src/gtest_main.cc
Note: Google Test filter = General.ConstValidMatrix
[==========] Running 1 test from 1 test suite.
[----------] Global test environment set-up.
[----------] 1 test from General
[ RUN      ] General.ConstValidMatrix
[       OK ] General.ConstValidMatrix (0 ms)
[----------] 1 test from General (0 ms total)

[----------] Global test environment tear-down
[==========] 1 test from 1 test suite ran. (0 ms total)
[  PASSED  ] 1 test.
<end of output>
Test time =   0.01 sec
----------------------------------------------------------
Test Passed.
"General.ConstValidMatrix" end time: Feb 24 19:55 CET
"General.ConstValidMatrix" time elapsed: 00:00:00
----------------------------------------------------------

15/53 Testing: General.ConstInvalidMatrix
15/53 Test: General.ConstInvalidMatrix
Command: "/home/tedro/Desktop/D Projekty/VUT/1BIT/semester_2/IVS/proj1/assignment/build/white_box_test" "--gtest_filter=General.ConstInvalidMatrix"
Directory: /home/tedro/Desktop/D Projekty/VUT/1BIT/semester_2/IVS/proj1/assignment/build
"General.ConstInvalidMatrix" start time: Feb 24 19:55 CET
Output:
----------------------------------------------------------
Running main() from /home/tedro/Desktop/D Projekty/VUT/1BIT/semester_2/IVS/proj1/assignment/build/googletest-master/googletest/src/gtest_main.cc
Note: Google Test filter = General.ConstInvalidMatrix
[==========] Running 1 test from 1 test suite.
[----------] Global test environment set-up.
[----------] 1 test from General
[ RUN      ] General.ConstInvalidMatrix
[       OK ] General.ConstInvalidMatrix (0 ms)
[----------] 1 test from General (0 ms total)

[----------] Global test environment tear-down
[==========] 1 test from 1 test suite ran. (0 ms total)
[  PASSED  ] 1 test.
<end of output>
Test time =   0.01 sec
----------------------------------------------------------
Test Passed.
"General.ConstInvalidMatrix" end time: Feb 24 19:55 CET
"General.ConstInvalidMatrix" time elapsed: 00:00:00
----------------------------------------------------------

16/53 Testing: Empty.SetVal
16/53 Test: Empty.SetVal
Command: "/home/tedro/Desktop/D Projekty/VUT/1BIT/semester_2/IVS/proj1/assignment/build/white_box_test" "--gtest_filter=Empty.SetVal"
Directory: /home/tedro/Desktop/D Projekty/VUT/1BIT/semester_2/IVS/proj1/assignment/build
"Empty.SetVal" start time: Feb 24 19:55 CET
Output:
----------------------------------------------------------
Running main() from /home/tedro/Desktop/D Projekty/VUT/1BIT/semester_2/IVS/proj1/assignment/build/googletest-master/googletest/src/gtest_main.cc
Note: Google Test filter = Empty.SetVal
[==========] Running 1 test from 1 test suite.
[----------] Global test environment set-up.
[----------] 1 test from Empty
[ RUN      ] Empty.SetVal
[       OK ] Empty.SetVal (0 ms)
[----------] 1 test from Empty (0 ms total)

[----------] Global test environment tear-down
[==========] 1 test from 1 test suite ran. (0 ms total)
[  PASSED  ] 1 test.
<end of output>
Test time =   0.01 sec
----------------------------------------------------------
Test Passed.
"Empty.SetVal" end time: Feb 24 19:55 CET
"Empty.SetVal" time elapsed: 00:00:00
----------------------------------------------------------

17/53 Testing: Empty.SetInvalidVal
17/53 Test: Empty.SetInvalidVal
Command: "/home/tedro/Desktop/D Projekty/VUT/1BIT/semester_2/IVS/proj1/assignment/build/white_box_test" "--gtest_filter=Empty.SetInvalidVal"
Directory: /home/tedro/Desktop/D Projekty/VUT/1BIT/semester_2/IVS/proj1/assignment/build
"Empty.SetInvalidVal" start time: Feb 24 19:55 CET
Output:
----------------------------------------------------------
Running main() from /home/tedro/Desktop/D Projekty/VUT/1BIT/semester_2/IVS/proj1/assignment/build/googletest-master/googletest/src/gtest_main.cc
Note: Google Test filter = Empty.SetInvalidVal
[==========] Running 1 test from 1 test suite.
[----------] Global test environment set-up.
[----------] 1 test from Empty
[ RUN      ] Empty.SetInvalidVal
[       OK ] Empty.SetInvalidVal (1 ms)
[----------] 1 test from Empty (1 ms total)

[----------] Global test environment tear-down
[==========] 1 test from 1 test suite ran. (1 ms total)
[  PASSED  ] 1 test.
<end of output>
Test time =   0.01 sec
----------------------------------------------------------
Test Passed.
"Empty.SetInvalidVal" end time: Feb 24 19:55 CET
"Empty.SetInvalidVal" time elapsed: 00:00:00
----------------------------------------------------------

18/53 Testing: Empty.SetInvalidArr
18/53 Test: Empty.SetInvalidArr
Command: "/home/tedro/Desktop/D Projekty/VUT/1BIT/semester_2/IVS/proj1/assignment/build/white_box_test" "--gtest_filter=Empty.SetInvalidArr"
Directory: /home/tedro/Desktop/D Projekty/VUT/1BIT/semester_2/IVS/proj1/assignment/build
"Empty.SetInvalidArr" start time: Feb 24 19:55 CET
Output:
----------------------------------------------------------
Running main() from /home/tedro/Desktop/D Projekty/VUT/1BIT/semester_2/IVS/proj1/assignment/build/googletest-master/googletest/src/gtest_main.cc
Note: Google Test filter = Empty.SetInvalidArr
[==========] Running 1 test from 1 test suite.
[----------] Global test environment set-up.
[----------] 1 test from Empty
[ RUN      ] Empty.SetInvalidArr
[       OK ] Empty.SetInvalidArr (0 ms)
[----------] 1 test from Empty (0 ms total)

[----------] Global test environment tear-down
[==========] 1 test from 1 test suite ran. (0 ms total)
[  PASSED  ] 1 test.
<end of output>
Test time =   0.01 sec
----------------------------------------------------------
Test Passed.
"Empty.SetInvalidArr" end time: Feb 24 19:55 CET
"Empty.SetInvalidArr" time elapsed: 00:00:00
----------------------------------------------------------

19/53 Testing: Empty.Get
19/53 Test: Empty.Get
Command: "/home/tedro/Desktop/D Projekty/VUT/1BIT/semester_2/IVS/proj1/assignment/build/white_box_test" "--gtest_filter=Empty.Get"
Directory: /home/tedro/Desktop/D Projekty/VUT/1BIT/semester_2/IVS/proj1/assignment/build
"Empty.Get" start time: Feb 24 19:55 CET
Output:
----------------------------------------------------------
Running main() from /home/tedro/Desktop/D Projekty/VUT/1BIT/semester_2/IVS/proj1/assignment/build/googletest-master/googletest/src/gtest_main.cc
Note: Google Test filter = Empty.Get
[==========] Running 1 test from 1 test suite.
[----------] Global test environment set-up.
[----------] 1 test from Empty
[ RUN      ] Empty.Get
[       OK ] Empty.Get (0 ms)
[----------] 1 test from Empty (0 ms total)

[----------] Global test environment tear-down
[==========] 1 test from 1 test suite ran. (0 ms total)
[  PASSED  ] 1 test.
<end of output>
Test time =   0.01 sec
----------------------------------------------------------
Test Passed.
"Empty.Get" end time: Feb 24 19:55 CET
"Empty.Get" time elapsed: 00:00:00
----------------------------------------------------------

20/53 Testing: Empty.GetInvalid
20/53 Test: Empty.GetInvalid
Command: "/home/tedro/Desktop/D Projekty/VUT/1BIT/semester_2/IVS/proj1/assignment/build/white_box_test" "--gtest_filter=Empty.GetInvalid"
Directory: /home/tedro/Desktop/D Projekty/VUT/1BIT/semester_2/IVS/proj1/assignment/build
"Empty.GetInvalid" start time: Feb 24 19:55 CET
Output:
----------------------------------------------------------
Running main() from /home/tedro/Desktop/D Projekty/VUT/1BIT/semester_2/IVS/proj1/assignment/build/googletest-master/googletest/src/gtest_main.cc
Note: Google Test filter = Empty.GetInvalid
[==========] Running 1 test from 1 test suite.
[----------] Global test environment set-up.
[----------] 1 test from Empty
[ RUN      ] Empty.GetInvalid
[       OK ] Empty.GetInvalid (0 ms)
[----------] 1 test from Empty (0 ms total)

[----------] Global test environment tear-down
[==========] 1 test from 1 test suite ran. (0 ms total)
[  PASSED  ] 1 test.
<end of output>
Test time =   0.00 sec
----------------------------------------------------------
Test Passed.
"Empty.GetInvalid" end time: Feb 24 19:55 CET
"Empty.GetInvalid" time elapsed: 00:00:00
----------------------------------------------------------

21/53 Testing: Empty.Equal
21/53 Test: Empty.Equal
Command: "/home/tedro/Desktop/D Projekty/VUT/1BIT/semester_2/IVS/proj1/assignment/build/white_box_test" "--gtest_filter=Empty.Equal"
Directory: /home/tedro/Desktop/D Projekty/VUT/1BIT/semester_2/IVS/proj1/assignment/build
"Empty.Equal" start time: Feb 24 19:55 CET
Output:
----------------------------------------------------------
Running main() from /home/tedro/Desktop/D Projekty/VUT/1BIT/semester_2/IVS/proj1/assignment/build/googletest-master/googletest/src/gtest_main.cc
Note: Google Test filter = Empty.Equal
[==========] Running 0 tests from 0 test suites.
[==========] 0 tests from 0 test suites ran. (0 ms total)
[  PASSED  ] 0 tests.
<end of output>
Test time =   0.00 sec
----------------------------------------------------------
Test Passed.
"Empty.Equal" end time: Feb 24 19:55 CET
"Empty.Equal" time elapsed: 00:00:00
----------------------------------------------------------

22/53 Testing: Empty.SolveSingularEquation
22/53 Test: Empty.SolveSingularEquation
Command: "/home/tedro/Desktop/D Projekty/VUT/1BIT/semester_2/IVS/proj1/assignment/build/white_box_test" "--gtest_filter=Empty.SolveSingularEquation"
Directory: /home/tedro/Desktop/D Projekty/VUT/1BIT/semester_2/IVS/proj1/assignment/build
"Empty.SolveSingularEquation" start time: Feb 24 19:55 CET
Output:
----------------------------------------------------------
Running main() from /home/tedro/Desktop/D Projekty/VUT/1BIT/semester_2/IVS/proj1/assignment/build/googletest-master/googletest/src/gtest_main.cc
Note: Google Test filter = Empty.SolveSingularEquation
[==========] Running 1 test from 1 test suite.
[----------] Global test environment set-up.
[----------] 1 test from Empty
[ RUN      ] Empty.SolveSingularEquation
[       OK ] Empty.SolveSingularEquation (0 ms)
[----------] 1 test from Empty (0 ms total)

[----------] Global test environment tear-down
[==========] 1 test from 1 test suite ran. (0 ms total)
[  PASSED  ] 1 test.
<end of output>
Test time =   0.00 sec
----------------------------------------------------------
Test Passed.
"Empty.SolveSingularEquation" end time: Feb 24 19:55 CET
"Empty.SolveSingularEquation" time elapsed: 00:00:00
----------------------------------------------------------

23/53 Testing: Empty.SolveEquationInvalid
23/53 Test: Empty.SolveEquationInvalid
Command: "/home/tedro/Desktop/D Projekty/VUT/1BIT/semester_2/IVS/proj1/assignment/build/white_box_test" "--gtest_filter=Empty.SolveEquationInvalid"
Directory: /home/tedro/Desktop/D Projekty/VUT/1BIT/semester_2/IVS/proj1/assignment/build
"Empty.SolveEquationInvalid" start time: Feb 24 19:55 CET
Output:
----------------------------------------------------------
Running main() from /home/tedro/Desktop/D Projekty/VUT/1BIT/semester_2/IVS/proj1/assignment/build/googletest-master/googletest/src/gtest_main.cc
Note: Google Test filter = Empty.SolveEquationInvalid
[==========] Running 1 test from 1 test suite.
[----------] Global test environment set-up.
[----------] 1 test from Empty
[ RUN      ] Empty.SolveEquationInvalid
[       OK ] Empty.SolveEquationInvalid (0 ms)
[----------] 1 test from Empty (0 ms total)

[----------] Global test environment tear-down
[==========] 1 test from 1 test suite ran. (0 ms total)
[  PASSED  ] 1 test.
<end of output>
Test time =   0.00 sec
----------------------------------------------------------
Test Passed.
"Empty.SolveEquationInvalid" end time: Feb 24 19:55 CET
"Empty.SolveEquationInvalid" time elapsed: 00:00:00
----------------------------------------------------------

24/53 Testing: Empty.SolveOneSolution
24/53 Test: Empty.SolveOneSolution
Command: "/home/tedro/Desktop/D Projekty/VUT/1BIT/semester_2/IVS/proj1/assignment/build/white_box_test" "--gtest_filter=Empty.SolveOneSolution"
Directory: /home/tedro/Desktop/D Projekty/VUT/1BIT/semester_2/IVS/proj1/assignment/build
"Empty.SolveOneSolution" start time: Feb 24 19:55 CET
Output:
----------------------------------------------------------
Running main() from /home/tedro/Desktop/D Projekty/VUT/1BIT/semester_2/IVS/proj1/assignment/build/googletest-master/googletest/src/gtest_main.cc
Note: Google Test filter = Empty.SolveOneSolution
[==========] Running 1 test from 1 test suite.
[----------] Global test environment set-up.
[----------] 1 test from Empty
[ RUN      ] Empty.SolveOneSolution
[       OK ] Empty.SolveOneSolution (0 ms)
[----------] 1 test from Empty (0 ms total)

[----------] Global test environment tear-down
[==========] 1 test from 1 test suite ran. (0 ms total)
[  PASSED  ] 1 test.
<end of output>
Test time =   0.00 sec
----------------------------------------------------------
Test Passed.
"Empty.SolveOneSolution" end time: Feb 24 19:55 CET
"Empty.SolveOneSolution" time elapsed: 00:00:00
----------------------------------------------------------

25/53 Testing: Empty.SolveInfiniteSolutions
25/53 Test: Empty.SolveInfiniteSolutions
Command: "/home/tedro/Desktop/D Projekty/VUT/1BIT/semester_2/IVS/proj1/assignment/build/white_box_test" "--gtest_filter=Empty.SolveInfiniteSolutions"
Directory: /home/tedro/Desktop/D Projekty/VUT/1BIT/semester_2/IVS/proj1/assignment/build
"Empty.SolveInfiniteSolutions" start time: Feb 24 19:55 CET
Output:
----------------------------------------------------------
Running main() from /home/tedro/Desktop/D Projekty/VUT/1BIT/semester_2/IVS/proj1/assignment/build/googletest-master/googletest/src/gtest_main.cc
Note: Google Test filter = Empty.SolveInfiniteSolutions
[==========] Running 1 test from 1 test suite.
[----------] Global test environment set-up.
[----------] 1 test from Empty
[ RUN      ] Empty.SolveInfiniteSolutions
[       OK ] Empty.SolveInfiniteSolutions (0 ms)
[----------] 1 test from Empty (0 ms total)

[----------] Global test environment tear-down
[==========] 1 test from 1 test suite ran. (0 ms total)
[  PASSED  ] 1 test.
<end of output>
Test time =   0.01 sec
----------------------------------------------------------
Test Passed.
"Empty.SolveInfiniteSolutions" end time: Feb 24 19:55 CET
"Empty.SolveInfiniteSolutions" time elapsed: 00:00:00
----------------------------------------------------------

26/53 Testing: Empty.SolveNoSolution
26/53 Test: Empty.SolveNoSolution
Command: "/home/tedro/Desktop/D Projekty/VUT/1BIT/semester_2/IVS/proj1/assignment/build/white_box_test" "--gtest_filter=Empty.SolveNoSolution"
Directory: /home/tedro/Desktop/D Projekty/VUT/1BIT/semester_2/IVS/proj1/assignment/build
"Empty.SolveNoSolution" start time: Feb 24 19:55 CET
Output:
----------------------------------------------------------
Running main() from /home/tedro/Desktop/D Projekty/VUT/1BIT/semester_2/IVS/proj1/assignment/build/googletest-master/googletest/src/gtest_main.cc
Note: Google Test filter = Empty.SolveNoSolution
[==========] Running 1 test from 1 test suite.
[----------] Global test environment set-up.
[----------] 1 test from Empty
[ RUN      ] Empty.SolveNoSolution
[       OK ] Empty.SolveNoSolution (0 ms)
[----------] 1 test from Empty (0 ms total)

[----------] Global test environment tear-down
[==========] 1 test from 1 test suite ran. (0 ms total)
[  PASSED  ] 1 test.
<end of output>
Test time =   0.01 sec
----------------------------------------------------------
Test Passed.
"Empty.SolveNoSolution" end time: Feb 24 19:55 CET
"Empty.SolveNoSolution" time elapsed: 00:00:00
----------------------------------------------------------

27/53 Testing: Empty.SolveInvalidRightSide
27/53 Test: Empty.SolveInvalidRightSide
Command: "/home/tedro/Desktop/D Projekty/VUT/1BIT/semester_2/IVS/proj1/assignment/build/white_box_test" "--gtest_filter=Empty.SolveInvalidRightSide"
Directory: /home/tedro/Desktop/D Projekty/VUT/1BIT/semester_2/IVS/proj1/assignment/build
"Empty.SolveInvalidRightSide" start time: Feb 24 19:55 CET
Output:
----------------------------------------------------------
Running main() from /home/tedro/Desktop/D Projekty/VUT/1BIT/semester_2/IVS/proj1/assignment/build/googletest-master/googletest/src/gtest_main.cc
Note: Google Test filter = Empty.SolveInvalidRightSide
[==========] Running 1 test from 1 test suite.
[----------] Global test environment set-up.
[----------] 1 test from Empty
[ RUN      ] Empty.SolveInvalidRightSide
[       OK ] Empty.SolveInvalidRightSide (0 ms)
[----------] 1 test from Empty (0 ms total)

[----------] Global test environment tear-down
[==========] 1 test from 1 test suite ran. (0 ms total)
[  PASSED  ] 1 test.
<end of output>
Test time =   0.00 sec
----------------------------------------------------------
Test Passed.
"Empty.SolveInvalidRightSide" end time: Feb 24 19:55 CET
"Empty.SolveInvalidRightSide" time elapsed: 00:00:00
----------------------------------------------------------

28/53 Testing: Empty.SolveInvalidNonSquare
28/53 Test: Empty.SolveInvalidNonSquare
Command: "/home/tedro/Desktop/D Projekty/VUT/1BIT/semester_2/IVS/proj1/assignment/build/white_box_test" "--gtest_filter=Empty.SolveInvalidNonSquare"
Directory: /home/tedro/Desktop/D Projekty/VUT/1BIT/semester_2/IVS/proj1/assignment/build
"Empty.SolveInvalidNonSquare" start time: Feb 24 19:55 CET
Output:
----------------------------------------------------------
Running main() from /home/tedro/Desktop/D Projekty/VUT/1BIT/semester_2/IVS/proj1/assignment/build/googletest-master/googletest/src/gtest_main.cc
Note: Google Test filter = Empty.SolveInvalidNonSquare
[==========] Running 1 test from 1 test suite.
[----------] Global test environment set-up.
[----------] 1 test from Empty
[ RUN      ] Empty.SolveInvalidNonSquare
[       OK ] Empty.SolveInvalidNonSquare (0 ms)
[----------] 1 test from Empty (0 ms total)

[----------] Global test environment tear-down
[==========] 1 test from 1 test suite ran. (0 ms total)
[  PASSED  ] 1 test.
<end of output>
Test time =   0.01 sec
----------------------------------------------------------
Test Passed.
"Empty.SolveInvalidNonSquare" end time: Feb 24 19:55 CET
"Empty.SolveInvalidNonSquare" time elapsed: 00:00:00
----------------------------------------------------------

29/53 Testing: Empty.Solve3x3
29/53 Test: Empty.Solve3x3
Command: "/home/tedro/Desktop/D Projekty/VUT/1BIT/semester_2/IVS/proj1/assignment/build/white_box_test" "--gtest_filter=Empty.Solve3x3"
Directory: /home/tedro/Desktop/D Projekty/VUT/1BIT/semester_2/IVS/proj1/assignment/build
"Empty.Solve3x3" start time: Feb 24 19:55 CET
Output:
----------------------------------------------------------
Running main() from /home/tedro/Desktop/D Projekty/VUT/1BIT/semester_2/IVS/proj1/assignment/build/googletest-master/googletest/src/gtest_main.cc
Note: Google Test filter = Empty.Solve3x3
[==========] Running 1 test from 1 test suite.
[----------] Global test environment set-up.
[----------] 1 test from Empty
[ RUN      ] Empty.Solve3x3
[       OK ] Empty.Solve3x3 (0 ms)
[----------] 1 test from Empty (0 ms total)

[----------] Global test environment tear-down
[==========] 1 test from 1 test suite ran. (0 ms total)
[  PASSED  ] 1 test.
<end of output>
Test time =   0.01 sec
----------------------------------------------------------
Test Passed.
"Empty.Solve3x3" end time: Feb 24 19:55 CET
"Empty.Solve3x3" time elapsed: 00:00:00
----------------------------------------------------------

30/53 Testing: Empty.InverseInvalid
30/53 Test: Empty.InverseInvalid
Command: "/home/tedro/Desktop/D Projekty/VUT/1BIT/semester_2/IVS/proj1/assignment/build/white_box_test" "--gtest_filter=Empty.InverseInvalid"
Directory: /home/tedro/Desktop/D Projekty/VUT/1BIT/semester_2/IVS/proj1/assignment/build
"Empty.InverseInvalid" start time: Feb 24 19:55 CET
Output:
----------------------------------------------------------
Running main() from /home/tedro/Desktop/D Projekty/VUT/1BIT/semester_2/IVS/proj1/assignment/build/googletest-master/googletest/src/gtest_main.cc
Note: Google Test filter = Empty.InverseInvalid
[==========] Running 1 test from 1 test suite.
[----------] Global test environment set-up.
[----------] 1 test from Empty
[ RUN      ] Empty.InverseInvalid
[       OK ] Empty.InverseInvalid (0 ms)
[----------] 1 test from Empty (0 ms total)

[----------] Global test environment tear-down
[==========] 1 test from 1 test suite ran. (0 ms total)
[  PASSED  ] 1 test.
<end of output>
Test time =   0.01 sec
----------------------------------------------------------
Test Passed.
"Empty.InverseInvalid" end time: Feb 24 19:55 CET
"Empty.InverseInvalid" time elapsed: 00:00:00
----------------------------------------------------------

31/53 Testing: square2x2.SetAndGet
31/53 Test: square2x2.SetAndGet
Command: "/home/tedro/Desktop/D Projekty/VUT/1BIT/semester_2/IVS/proj1/assignment/build/white_box_test" "--gtest_filter=square2x2.SetAndGet"
Directory: /home/tedro/Desktop/D Projekty/VUT/1BIT/semester_2/IVS/proj1/assignment/build
"square2x2.SetAndGet" start time: Feb 24 19:55 CET
Output:
----------------------------------------------------------
Running main() from /home/tedro/Desktop/D Projekty/VUT/1BIT/semester_2/IVS/proj1/assignment/build/googletest-master/googletest/src/gtest_main.cc
Note: Google Test filter = square2x2.SetAndGet
[==========] Running 1 test from 1 test suite.
[----------] Global test environment set-up.
[----------] 1 test from square2x2
[ RUN      ] square2x2.SetAndGet
[       OK ] square2x2.SetAndGet (0 ms)
[----------] 1 test from square2x2 (0 ms total)

[----------] Global test environment tear-down
[==========] 1 test from 1 test suite ran. (1 ms total)
[  PASSED  ] 1 test.
<end of output>
Test time =   0.00 sec
----------------------------------------------------------
Test Passed.
"square2x2.SetAndGet" end time: Feb 24 19:55 CET
"square2x2.SetAndGet" time elapsed: 00:00:00
----------------------------------------------------------

32/53 Testing: square2x2.SetInvalid
32/53 Test: square2x2.SetInvalid
Command: "/home/tedro/Desktop/D Projekty/VUT/1BIT/semester_2/IVS/proj1/assignment/build/white_box_test" "--gtest_filter=square2x2.SetInvalid"
Directory: /home/tedro/Desktop/D Projekty/VUT/1BIT/semester_2/IVS/proj1/assignment/build
"square2x2.SetInvalid" start time: Feb 24 19:55 CET
Output:
----------------------------------------------------------
Running main() from /home/tedro/Desktop/D Projekty/VUT/1BIT/semester_2/IVS/proj1/assignment/build/googletest-master/googletest/src/gtest_main.cc
Note: Google Test filter = square2x2.SetInvalid
[==========] Running 1 test from 1 test suite.
[----------] Global test environment set-up.
[----------] 1 test from square2x2
[ RUN      ] square2x2.SetInvalid
[       OK ] square2x2.SetInvalid (0 ms)
[----------] 1 test from square2x2 (0 ms total)

[----------] Global test environment tear-down
[==========] 1 test from 1 test suite ran. (0 ms total)
[  PASSED  ] 1 test.
<end of output>
Test time =   0.00 sec
----------------------------------------------------------
Test Passed.
"square2x2.SetInvalid" end time: Feb 24 19:55 CET
"square2x2.SetInvalid" time elapsed: 00:00:00
----------------------------------------------------------

33/53 Testing: square2x2.SetAndGetArr
33/53 Test: square2x2.SetAndGetArr
Command: "/home/tedro/Desktop/D Projekty/VUT/1BIT/semester_2/IVS/proj1/assignment/build/white_box_test" "--gtest_filter=square2x2.SetAndGetArr"
Directory: /home/tedro/Desktop/D Projekty/VUT/1BIT/semester_2/IVS/proj1/assignment/build
"square2x2.SetAndGetArr" start time: Feb 24 19:55 CET
Output:
----------------------------------------------------------
Running main() from /home/tedro/Desktop/D Projekty/VUT/1BIT/semester_2/IVS/proj1/assignment/build/googletest-master/googletest/src/gtest_main.cc
Note: Google Test filter = square2x2.SetAndGetArr
[==========] Running 1 test from 1 test suite.
[----------] Global test environment set-up.
[----------] 1 test from square2x2
[ RUN      ] square2x2.SetAndGetArr
[       OK ] square2x2.SetAndGetArr (0 ms)
[----------] 1 test from square2x2 (0 ms total)

[----------] Global test environment tear-down
[==========] 1 test from 1 test suite ran. (0 ms total)
[  PASSED  ] 1 test.
<end of output>
Test time =   0.00 sec
----------------------------------------------------------
Test Passed.
"square2x2.SetAndGetArr" end time: Feb 24 19:55 CET
"square2x2.SetAndGetArr" time elapsed: 00:00:00
----------------------------------------------------------

34/53 Testing: square2x2.SetAndGetInvalidArr
34/53 Test: square2x2.SetAndGetInvalidArr
Command: "/home/tedro/Desktop/D Projekty/VUT/1BIT/semester_2/IVS/proj1/assignment/build/white_box_test" "--gtest_filter=square2x2.SetAndGetInvalidArr"
Directory: /home/tedro/Desktop/D Projekty/VUT/1BIT/semester_2/IVS/proj1/assignment/build
"square2x2.SetAndGetInvalidArr" start time: Feb 24 19:55 CET
Output:
----------------------------------------------------------
Running main() from /home/tedro/Desktop/D Projekty/VUT/1BIT/semester_2/IVS/proj1/assignment/build/googletest-master/googletest/src/gtest_main.cc
Note: Google Test filter = square2x2.SetAndGetInvalidArr
[==========] Running 1 test from 1 test suite.
[----------] Global test environment set-up.
[----------] 1 test from square2x2
[ RUN      ] square2x2.SetAndGetInvalidArr
[       OK ] square2x2.SetAndGetInvalidArr (0 ms)
[----------] 1 test from square2x2 (0 ms total)

[----------] Global test environment tear-down
[==========] 1 test from 1 test suite ran. (0 ms total)
[  PASSED  ] 1 test.
<end of output>
Test time =   0.00 sec
----------------------------------------------------------
Test Passed.
"square2x2.SetAndGetInvalidArr" end time: Feb 24 19:55 CET
"square2x2.SetAndGetInvalidArr" time elapsed: 00:00:00
----------------------------------------------------------

35/53 Testing: DifferentSizes.Equal
35/53 Test: DifferentSizes.Equal
Command: "/home/tedro/Desktop/D Projekty/VUT/1BIT/semester_2/IVS/proj1/assignment/build/white_box_test" "--gtest_filter=DifferentSizes.Equal"
Directory: /home/tedro/Desktop/D Projekty/VUT/1BIT/semester_2/IVS/proj1/assignment/build
"DifferentSizes.Equal" start time: Feb 24 19:55 CET
Output:
----------------------------------------------------------
Running main() from /home/tedro/Desktop/D Projekty/VUT/1BIT/semester_2/IVS/proj1/assignment/build/googletest-master/googletest/src/gtest_main.cc
Note: Google Test filter = DifferentSizes.Equal
[==========] Running 1 test from 1 test suite.
[----------] Global test environment set-up.
[----------] 1 test from DifferentSizes
[ RUN      ] DifferentSizes.Equal
[       OK ] DifferentSizes.Equal (0 ms)
[----------] 1 test from DifferentSizes (0 ms total)

[----------] Global test environment tear-down
[==========] 1 test from 1 test suite ran. (0 ms total)
[  PASSED  ] 1 test.
<end of output>
Test time =   0.00 sec
----------------------------------------------------------
Test Passed.
"DifferentSizes.Equal" end time: Feb 24 19:55 CET
"DifferentSizes.Equal" time elapsed: 00:00:00
----------------------------------------------------------

36/53 Testing: DifferentSizes.Add
36/53 Test: DifferentSizes.Add
Command: "/home/tedro/Desktop/D Projekty/VUT/1BIT/semester_2/IVS/proj1/assignment/build/white_box_test" "--gtest_filter=DifferentSizes.Add"
Directory: /home/tedro/Desktop/D Projekty/VUT/1BIT/semester_2/IVS/proj1/assignment/build
"DifferentSizes.Add" start time: Feb 24 19:55 CET
Output:
----------------------------------------------------------
Running main() from /home/tedro/Desktop/D Projekty/VUT/1BIT/semester_2/IVS/proj1/assignment/build/googletest-master/googletest/src/gtest_main.cc
Note: Google Test filter = DifferentSizes.Add
[==========] Running 1 test from 1 test suite.
[----------] Global test environment set-up.
[----------] 1 test from DifferentSizes
[ RUN      ] DifferentSizes.Add
[       OK ] DifferentSizes.Add (0 ms)
[----------] 1 test from DifferentSizes (0 ms total)

[----------] Global test environment tear-down
[==========] 1 test from 1 test suite ran. (0 ms total)
[  PASSED  ] 1 test.
<end of output>
Test time =   0.00 sec
----------------------------------------------------------
Test Passed.
"DifferentSizes.Add" end time: Feb 24 19:55 CET
"DifferentSizes.Add" time elapsed: 00:00:00
----------------------------------------------------------

37/53 Testing: DifferentSizes.MultiplyByMatrix
37/53 Test: DifferentSizes.MultiplyByMatrix
Command: "/home/tedro/Desktop/D Projekty/VUT/1BIT/semester_2/IVS/proj1/assignment/build/white_box_test" "--gtest_filter=DifferentSizes.MultiplyByMatrix"
Directory: /home/tedro/Desktop/D Projekty/VUT/1BIT/semester_2/IVS/proj1/assignment/build
"DifferentSizes.MultiplyByMatrix" start time: Feb 24 19:55 CET
Output:
----------------------------------------------------------
Running main() from /home/tedro/Desktop/D Projekty/VUT/1BIT/semester_2/IVS/proj1/assignment/build/googletest-master/googletest/src/gtest_main.cc
Note: Google Test filter = DifferentSizes.MultiplyByMatrix
[==========] Running 1 test from 1 test suite.
[----------] Global test environment set-up.
[----------] 1 test from DifferentSizes
[ RUN      ] DifferentSizes.MultiplyByMatrix
[       OK ] DifferentSizes.MultiplyByMatrix (0 ms)
[----------] 1 test from DifferentSizes (0 ms total)

[----------] Global test environment tear-down
[==========] 1 test from 1 test suite ran. (0 ms total)
[  PASSED  ] 1 test.
<end of output>
Test time =   0.00 sec
----------------------------------------------------------
Test Passed.
"DifferentSizes.MultiplyByMatrix" end time: Feb 24 19:55 CET
"DifferentSizes.MultiplyByMatrix" time elapsed: 00:00:00
----------------------------------------------------------

38/53 Testing: square2x2_2.Equal
38/53 Test: square2x2_2.Equal
Command: "/home/tedro/Desktop/D Projekty/VUT/1BIT/semester_2/IVS/proj1/assignment/build/white_box_test" "--gtest_filter=square2x2_2.Equal"
Directory: /home/tedro/Desktop/D Projekty/VUT/1BIT/semester_2/IVS/proj1/assignment/build
"square2x2_2.Equal" start time: Feb 24 19:55 CET
Output:
----------------------------------------------------------
Running main() from /home/tedro/Desktop/D Projekty/VUT/1BIT/semester_2/IVS/proj1/assignment/build/googletest-master/googletest/src/gtest_main.cc
Note: Google Test filter = square2x2_2.Equal
[==========] Running 1 test from 1 test suite.
[----------] Global test environment set-up.
[----------] 1 test from square2x2_2
[ RUN      ] square2x2_2.Equal
[       OK ] square2x2_2.Equal (0 ms)
[----------] 1 test from square2x2_2 (0 ms total)

[----------] Global test environment tear-down
[==========] 1 test from 1 test suite ran. (0 ms total)
[  PASSED  ] 1 test.
<end of output>
Test time =   0.01 sec
----------------------------------------------------------
Test Passed.
"square2x2_2.Equal" end time: Feb 24 19:55 CET
"square2x2_2.Equal" time elapsed: 00:00:00
----------------------------------------------------------

39/53 Testing: square2x2_2.NonEqual
39/53 Test: square2x2_2.NonEqual
Command: "/home/tedro/Desktop/D Projekty/VUT/1BIT/semester_2/IVS/proj1/assignment/build/white_box_test" "--gtest_filter=square2x2_2.NonEqual"
Directory: /home/tedro/Desktop/D Projekty/VUT/1BIT/semester_2/IVS/proj1/assignment/build
"square2x2_2.NonEqual" start time: Feb 24 19:55 CET
Output:
----------------------------------------------------------
Running main() from /home/tedro/Desktop/D Projekty/VUT/1BIT/semester_2/IVS/proj1/assignment/build/googletest-master/googletest/src/gtest_main.cc
Note: Google Test filter = square2x2_2.NonEqual
[==========] Running 1 test from 1 test suite.
[----------] Global test environment set-up.
[----------] 1 test from square2x2_2
[ RUN      ] square2x2_2.NonEqual
[       OK ] square2x2_2.NonEqual (0 ms)
[----------] 1 test from square2x2_2 (0 ms total)

[----------] Global test environment tear-down
[==========] 1 test from 1 test suite ran. (0 ms total)
[  PASSED  ] 1 test.
<end of output>
Test time =   0.00 sec
----------------------------------------------------------
Test Passed.
"square2x2_2.NonEqual" end time: Feb 24 19:55 CET
"square2x2_2.NonEqual" time elapsed: 00:00:00
----------------------------------------------------------

40/53 Testing: square2x2_2.Add
40/53 Test: square2x2_2.Add
Command: "/home/tedro/Desktop/D Projekty/VUT/1BIT/semester_2/IVS/proj1/assignment/build/white_box_test" "--gtest_filter=square2x2_2.Add"
Directory: /home/tedro/Desktop/D Projekty/VUT/1BIT/semester_2/IVS/proj1/assignment/build
"square2x2_2.Add" start time: Feb 24 19:55 CET
Output:
----------------------------------------------------------
Running main() from /home/tedro/Desktop/D Projekty/VUT/1BIT/semester_2/IVS/proj1/assignment/build/googletest-master/googletest/src/gtest_main.cc
Note: Google Test filter = square2x2_2.Add
[==========] Running 1 test from 1 test suite.
[----------] Global test environment set-up.
[----------] 1 test from square2x2_2
[ RUN      ] square2x2_2.Add
[       OK ] square2x2_2.Add (0 ms)
[----------] 1 test from square2x2_2 (0 ms total)

[----------] Global test environment tear-down
[==========] 1 test from 1 test suite ran. (0 ms total)
[  PASSED  ] 1 test.
<end of output>
Test time =   0.00 sec
----------------------------------------------------------
Test Passed.
"square2x2_2.Add" end time: Feb 24 19:55 CET
"square2x2_2.Add" time elapsed: 00:00:00
----------------------------------------------------------

41/53 Testing: square2x2_2.MultiplyByMatrix
41/53 Test: square2x2_2.MultiplyByMatrix
Command: "/home/tedro/Desktop/D Projekty/VUT/1BIT/semester_2/IVS/proj1/assignment/build/white_box_test" "--gtest_filter=square2x2_2.MultiplyByMatrix"
Directory: /home/tedro/Desktop/D Projekty/VUT/1BIT/semester_2/IVS/proj1/assignment/build
"square2x2_2.MultiplyByMatrix" start time: Feb 24 19:55 CET
Output:
----------------------------------------------------------
Running main() from /home/tedro/Desktop/D Projekty/VUT/1BIT/semester_2/IVS/proj1/assignment/build/googletest-master/googletest/src/gtest_main.cc
Note: Google Test filter = square2x2_2.MultiplyByMatrix
[==========] Running 1 test from 1 test suite.
[----------] Global test environment set-up.
[----------] 1 test from square2x2_2
[ RUN      ] square2x2_2.MultiplyByMatrix
[       OK ] square2x2_2.MultiplyByMatrix (0 ms)
[----------] 1 test from square2x2_2 (0 ms total)

[----------] Global test environment tear-down
[==========] 1 test from 1 test suite ran. (0 ms total)
[  PASSED  ] 1 test.
<end of output>
Test time =   0.00 sec
----------------------------------------------------------
Test Passed.
"square2x2_2.MultiplyByMatrix" end time: Feb 24 19:55 CET
"square2x2_2.MultiplyByMatrix" time elapsed: 00:00:00
----------------------------------------------------------

42/53 Testing: square2x2_2.MultiplyByConstant
42/53 Test: square2x2_2.MultiplyByConstant
Command: "/home/tedro/Desktop/D Projekty/VUT/1BIT/semester_2/IVS/proj1/assignment/build/white_box_test" "--gtest_filter=square2x2_2.MultiplyByConstant"
Directory: /home/tedro/Desktop/D Projekty/VUT/1BIT/semester_2/IVS/proj1/assignment/build
"square2x2_2.MultiplyByConstant" start time: Feb 24 19:55 CET
Output:
----------------------------------------------------------
Running main() from /home/tedro/Desktop/D Projekty/VUT/1BIT/semester_2/IVS/proj1/assignment/build/googletest-master/googletest/src/gtest_main.cc
Note: Google Test filter = square2x2_2.MultiplyByConstant
[==========] Running 1 test from 1 test suite.
[----------] Global test environment set-up.
[----------] 1 test from square2x2_2
[ RUN      ] square2x2_2.MultiplyByConstant
[       OK ] square2x2_2.MultiplyByConstant (0 ms)
[----------] 1 test from square2x2_2 (0 ms total)

[----------] Global test environment tear-down
[==========] 1 test from 1 test suite ran. (0 ms total)
[  PASSED  ] 1 test.
<end of output>
Test time =   0.00 sec
----------------------------------------------------------
Test Passed.
"square2x2_2.MultiplyByConstant" end time: Feb 24 19:55 CET
"square2x2_2.MultiplyByConstant" time elapsed: 00:00:00
----------------------------------------------------------

43/53 Testing: square2x2.Transpose
43/53 Test: square2x2.Transpose
Command: "/home/tedro/Desktop/D Projekty/VUT/1BIT/semester_2/IVS/proj1/assignment/build/white_box_test" "--gtest_filter=square2x2.Transpose"
Directory: /home/tedro/Desktop/D Projekty/VUT/1BIT/semester_2/IVS/proj1/assignment/build
"square2x2.Transpose" start time: Feb 24 19:55 CET
Output:
----------------------------------------------------------
Running main() from /home/tedro/Desktop/D Projekty/VUT/1BIT/semester_2/IVS/proj1/assignment/build/googletest-master/googletest/src/gtest_main.cc
Note: Google Test filter = square2x2.Transpose
[==========] Running 1 test from 1 test suite.
[----------] Global test environment set-up.
[----------] 1 test from square2x2
[ RUN      ] square2x2.Transpose
[       OK ] square2x2.Transpose (1 ms)
[----------] 1 test from square2x2 (1 ms total)

[----------] Global test environment tear-down
[==========] 1 test from 1 test suite ran. (1 ms total)
[  PASSED  ] 1 test.
<end of output>
Test time =   0.00 sec
----------------------------------------------------------
Test Passed.
"square2x2.Transpose" end time: Feb 24 19:55 CET
"square2x2.Transpose" time elapsed: 00:00:00
----------------------------------------------------------

44/53 Testing: square2x2.Inverse
44/53 Test: square2x2.Inverse
Command: "/home/tedro/Desktop/D Projekty/VUT/1BIT/semester_2/IVS/proj1/assignment/build/white_box_test" "--gtest_filter=square2x2.Inverse"
Directory: /home/tedro/Desktop/D Projekty/VUT/1BIT/semester_2/IVS/proj1/assignment/build
"square2x2.Inverse" start time: Feb 24 19:55 CET
Output:
----------------------------------------------------------
Running main() from /home/tedro/Desktop/D Projekty/VUT/1BIT/semester_2/IVS/proj1/assignment/build/googletest-master/googletest/src/gtest_main.cc
Note: Google Test filter = square2x2.Inverse
[==========] Running 1 test from 1 test suite.
[----------] Global test environment set-up.
[----------] 1 test from square2x2
[ RUN      ] square2x2.Inverse
[       OK ] square2x2.Inverse (0 ms)
[----------] 1 test from square2x2 (0 ms total)

[----------] Global test environment tear-down
[==========] 1 test from 1 test suite ran. (0 ms total)
[  PASSED  ] 1 test.
<end of output>
Test time =   0.01 sec
----------------------------------------------------------
Test Passed.
"square2x2.Inverse" end time: Feb 24 19:55 CET
"square2x2.Inverse" time elapsed: 00:00:00
----------------------------------------------------------

45/53 Testing: NonEmptyQueue.Insert
45/53 Test: NonEmptyQueue.Insert
Command: "/home/tedro/Desktop/D Projekty/VUT/1BIT/semester_2/IVS/proj1/assignment/build/tdd_test" "--gtest_filter=NonEmptyQueue.Insert"
Directory: /home/tedro/Desktop/D Projekty/VUT/1BIT/semester_2/IVS/proj1/assignment/build
"NonEmptyQueue.Insert" start time: Feb 24 19:55 CET
Output:
----------------------------------------------------------
Running main() from /home/tedro/Desktop/D Projekty/VUT/1BIT/semester_2/IVS/proj1/assignment/build/googletest-master/googletest/src/gtest_main.cc
Note: Google Test filter = NonEmptyQueue.Insert
[==========] Running 1 test from 1 test suite.
[----------] Global test environment set-up.
[----------] 1 test from NonEmptyQueue
[ RUN      ] NonEmptyQueue.Insert
[       OK ] NonEmptyQueue.Insert (0 ms)
[----------] 1 test from NonEmptyQueue (0 ms total)

[----------] Global test environment tear-down
[==========] 1 test from 1 test suite ran. (1 ms total)
[  PASSED  ] 1 test.
<end of output>
Test time =   0.00 sec
----------------------------------------------------------
Test Passed.
"NonEmptyQueue.Insert" end time: Feb 24 19:55 CET
"NonEmptyQueue.Insert" time elapsed: 00:00:00
----------------------------------------------------------

46/53 Testing: NonEmptyQueue.RemoveAllBackward
46/53 Test: NonEmptyQueue.RemoveAllBackward
Command: "/home/tedro/Desktop/D Projekty/VUT/1BIT/semester_2/IVS/proj1/assignment/build/tdd_test" "--gtest_filter=NonEmptyQueue.RemoveAllBackward"
Directory: /home/tedro/Desktop/D Projekty/VUT/1BIT/semester_2/IVS/proj1/assignment/build
"NonEmptyQueue.RemoveAllBackward" start time: Feb 24 19:55 CET
Output:
----------------------------------------------------------
Running main() from /home/tedro/Desktop/D Projekty/VUT/1BIT/semester_2/IVS/proj1/assignment/build/googletest-master/googletest/src/gtest_main.cc
Note: Google Test filter = NonEmptyQueue.RemoveAllBackward
[==========] Running 1 test from 1 test suite.
[----------] Global test environment set-up.
[----------] 1 test from NonEmptyQueue
[ RUN      ] NonEmptyQueue.RemoveAllBackward
[       OK ] NonEmptyQueue.RemoveAllBackward (0 ms)
[----------] 1 test from NonEmptyQueue (0 ms total)

[----------] Global test environment tear-down
[==========] 1 test from 1 test suite ran. (0 ms total)
[  PASSED  ] 1 test.
<end of output>
Test time =   0.00 sec
----------------------------------------------------------
Test Passed.
"NonEmptyQueue.RemoveAllBackward" end time: Feb 24 19:55 CET
"NonEmptyQueue.RemoveAllBackward" time elapsed: 00:00:00
----------------------------------------------------------

47/53 Testing: NonEmptyQueue.RemoveAllForward
47/53 Test: NonEmptyQueue.RemoveAllForward
Command: "/home/tedro/Desktop/D Projekty/VUT/1BIT/semester_2/IVS/proj1/assignment/build/tdd_test" "--gtest_filter=NonEmptyQueue.RemoveAllForward"
Directory: /home/tedro/Desktop/D Projekty/VUT/1BIT/semester_2/IVS/proj1/assignment/build
"NonEmptyQueue.RemoveAllForward" start time: Feb 24 19:55 CET
Output:
----------------------------------------------------------
Running main() from /home/tedro/Desktop/D Projekty/VUT/1BIT/semester_2/IVS/proj1/assignment/build/googletest-master/googletest/src/gtest_main.cc
Note: Google Test filter = NonEmptyQueue.RemoveAllForward
[==========] Running 1 test from 1 test suite.
[----------] Global test environment set-up.
[----------] 1 test from NonEmptyQueue
[ RUN      ] NonEmptyQueue.RemoveAllForward
[       OK ] NonEmptyQueue.RemoveAllForward (0 ms)
[----------] 1 test from NonEmptyQueue (0 ms total)

[----------] Global test environment tear-down
[==========] 1 test from 1 test suite ran. (0 ms total)
[  PASSED  ] 1 test.
<end of output>
Test time =   0.01 sec
----------------------------------------------------------
Test Passed.
"NonEmptyQueue.RemoveAllForward" end time: Feb 24 19:55 CET
"NonEmptyQueue.RemoveAllForward" time elapsed: 00:00:00
----------------------------------------------------------

48/53 Testing: NonEmptyQueue.Find
48/53 Test: NonEmptyQueue.Find
Command: "/home/tedro/Desktop/D Projekty/VUT/1BIT/semester_2/IVS/proj1/assignment/build/tdd_test" "--gtest_filter=NonEmptyQueue.Find"
Directory: /home/tedro/Desktop/D Projekty/VUT/1BIT/semester_2/IVS/proj1/assignment/build
"NonEmptyQueue.Find" start time: Feb 24 19:55 CET
Output:
----------------------------------------------------------
Running main() from /home/tedro/Desktop/D Projekty/VUT/1BIT/semester_2/IVS/proj1/assignment/build/googletest-master/googletest/src/gtest_main.cc
Note: Google Test filter = NonEmptyQueue.Find
[==========] Running 1 test from 1 test suite.
[----------] Global test environment set-up.
[----------] 1 test from NonEmptyQueue
[ RUN      ] NonEmptyQueue.Find
[       OK ] NonEmptyQueue.Find (0 ms)
[----------] 1 test from NonEmptyQueue (0 ms total)

[----------] Global test environment tear-down
[==========] 1 test from 1 test suite ran. (0 ms total)
[  PASSED  ] 1 test.
<end of output>
Test time =   0.00 sec
----------------------------------------------------------
Test Passed.
"NonEmptyQueue.Find" end time: Feb 24 19:55 CET
"NonEmptyQueue.Find" time elapsed: 00:00:00
----------------------------------------------------------

49/53 Testing: NonEmptyQueue.Length
49/53 Test: NonEmptyQueue.Length
Command: "/home/tedro/Desktop/D Projekty/VUT/1BIT/semester_2/IVS/proj1/assignment/build/tdd_test" "--gtest_filter=NonEmptyQueue.Length"
Directory: /home/tedro/Desktop/D Projekty/VUT/1BIT/semester_2/IVS/proj1/assignment/build
"NonEmptyQueue.Length" start time: Feb 24 19:55 CET
Output:
----------------------------------------------------------
Running main() from /home/tedro/Desktop/D Projekty/VUT/1BIT/semester_2/IVS/proj1/assignment/build/googletest-master/googletest/src/gtest_main.cc
Note: Google Test filter = NonEmptyQueue.Length
[==========] Running 1 test from 1 test suite.
[----------] Global test environment set-up.
[----------] 1 test from NonEmptyQueue
[ RUN      ] NonEmptyQueue.Length
[       OK ] NonEmptyQueue.Length (0 ms)
[----------] 1 test from NonEmptyQueue (0 ms total)

[----------] Global test environment tear-down
[==========] 1 test from 1 test suite ran. (0 ms total)
[  PASSED  ] 1 test.
<end of output>
Test time =   0.00 sec
----------------------------------------------------------
Test Passed.
"NonEmptyQueue.Length" end time: Feb 24 19:55 CET
"NonEmptyQueue.Length" time elapsed: 00:00:00
----------------------------------------------------------

50/53 Testing: EmptyQueue.Insert
50/53 Test: EmptyQueue.Insert
Command: "/home/tedro/Desktop/D Projekty/VUT/1BIT/semester_2/IVS/proj1/assignment/build/tdd_test" "--gtest_filter=EmptyQueue.Insert"
Directory: /home/tedro/Desktop/D Projekty/VUT/1BIT/semester_2/IVS/proj1/assignment/build
"EmptyQueue.Insert" start time: Feb 24 19:55 CET
Output:
----------------------------------------------------------
Running main() from /home/tedro/Desktop/D Projekty/VUT/1BIT/semester_2/IVS/proj1/assignment/build/googletest-master/googletest/src/gtest_main.cc
Note: Google Test filter = EmptyQueue.Insert
[==========] Running 1 test from 1 test suite.
[----------] Global test environment set-up.
[----------] 1 test from EmptyQueue
[ RUN      ] EmptyQueue.Insert
[       OK ] EmptyQueue.Insert (0 ms)
[----------] 1 test from EmptyQueue (0 ms total)

[----------] Global test environment tear-down
[==========] 1 test from 1 test suite ran. (0 ms total)
[  PASSED  ] 1 test.
<end of output>
Test time =   0.01 sec
----------------------------------------------------------
Test Passed.
"EmptyQueue.Insert" end time: Feb 24 19:55 CET
"EmptyQueue.Insert" time elapsed: 00:00:00
----------------------------------------------------------

51/53 Testing: EmptyQueue.Remove
51/53 Test: EmptyQueue.Remove
Command: "/home/tedro/Desktop/D Projekty/VUT/1BIT/semester_2/IVS/proj1/assignment/build/tdd_test" "--gtest_filter=EmptyQueue.Remove"
Directory: /home/tedro/Desktop/D Projekty/VUT/1BIT/semester_2/IVS/proj1/assignment/build
"EmptyQueue.Remove" start time: Feb 24 19:55 CET
Output:
----------------------------------------------------------
Running main() from /home/tedro/Desktop/D Projekty/VUT/1BIT/semester_2/IVS/proj1/assignment/build/googletest-master/googletest/src/gtest_main.cc
Note: Google Test filter = EmptyQueue.Remove
[==========] Running 1 test from 1 test suite.
[----------] Global test environment set-up.
[----------] 1 test from EmptyQueue
[ RUN      ] EmptyQueue.Remove
[       OK ] EmptyQueue.Remove (0 ms)
[----------] 1 test from EmptyQueue (0 ms total)

[----------] Global test environment tear-down
[==========] 1 test from 1 test suite ran. (0 ms total)
[  PASSED  ] 1 test.
<end of output>
Test time =   0.00 sec
----------------------------------------------------------
Test Passed.
"EmptyQueue.Remove" end time: Feb 24 19:55 CET
"EmptyQueue.Remove" time elapsed: 00:00:00
----------------------------------------------------------

52/53 Testing: EmptyQueue.Find
52/53 Test: EmptyQueue.Find
Command: "/home/tedro/Desktop/D Projekty/VUT/1BIT/semester_2/IVS/proj1/assignment/build/tdd_test" "--gtest_filter=EmptyQueue.Find"
Directory: /home/tedro/Desktop/D Projekty/VUT/1BIT/semester_2/IVS/proj1/assignment/build
"EmptyQueue.Find" start time: Feb 24 19:55 CET
Output:
----------------------------------------------------------
Running main() from /home/tedro/Desktop/D Projekty/VUT/1BIT/semester_2/IVS/proj1/assignment/build/googletest-master/googletest/src/gtest_main.cc
Note: Google Test filter = EmptyQueue.Find
[==========] Running 1 test from 1 test suite.
[----------] Global test environment set-up.
[----------] 1 test from EmptyQueue
[ RUN      ] EmptyQueue.Find
[       OK ] EmptyQueue.Find (0 ms)
[----------] 1 test from EmptyQueue (0 ms total)

[----------] Global test environment tear-down
[==========] 1 test from 1 test suite ran. (0 ms total)
[  PASSED  ] 1 test.
<end of output>
Test time =   0.00 sec
----------------------------------------------------------
Test Passed.
"EmptyQueue.Find" end time: Feb 24 19:55 CET
"EmptyQueue.Find" time elapsed: 00:00:00
----------------------------------------------------------

53/53 Testing: EmptyQueue.Length
53/53 Test: EmptyQueue.Length
Command: "/home/tedro/Desktop/D Projekty/VUT/1BIT/semester_2/IVS/proj1/assignment/build/tdd_test" "--gtest_filter=EmptyQueue.Length"
Directory: /home/tedro/Desktop/D Projekty/VUT/1BIT/semester_2/IVS/proj1/assignment/build
"EmptyQueue.Length" start time: Feb 24 19:55 CET
Output:
----------------------------------------------------------
Running main() from /home/tedro/Desktop/D Projekty/VUT/1BIT/semester_2/IVS/proj1/assignment/build/googletest-master/googletest/src/gtest_main.cc
Note: Google Test filter = EmptyQueue.Length
[==========] Running 1 test from 1 test suite.
[----------] Global test environment set-up.
[----------] 1 test from EmptyQueue
[ RUN      ] EmptyQueue.Length
[       OK ] EmptyQueue.Length (0 ms)
[----------] 1 test from EmptyQueue (0 ms total)

[----------] Global test environment tear-down
[==========] 1 test from 1 test suite ran. (0 ms total)
[  PASSED  ] 1 test.
<end of output>
Test time =   0.00 sec
----------------------------------------------------------
Test Passed.
"EmptyQueue.Length" end time: Feb 24 19:55 CET
"EmptyQueue.Length" time elapsed: 00:00:00
----------------------------------------------------------

End testing: Feb 24 19:55 CET
