        -:    0:Source:/home/tedro/Desktop/semester_2/IVS/proj1/assignment/cmake-build-debug/googletest-master/googletest/src/gtest.cc
        -:    0:Graph:/home/tedro/Desktop/semester_2/IVS/proj1/assignment/cmake-build-debug/googletest-build/googletest/CMakeFiles/gtest.dir/src/gtest-all.cc.gcno
        -:    0:Data:/home/tedro/Desktop/semester_2/IVS/proj1/assignment/cmake-build-debug/googletest-build/googletest/CMakeFiles/gtest.dir/src/gtest-all.cc.gcda
        -:    0:Runs:1
        -:    1:// Copyright 2005, Google Inc.
        -:    2:// All rights reserved.
        -:    3://
        -:    4:// Redistribution and use in source and binary forms, with or without
        -:    5:// modification, are permitted provided that the following conditions are
        -:    6:// met:
        -:    7://
        -:    8://     * Redistributions of source code must retain the above copyright
        -:    9:// notice, this list of conditions and the following disclaimer.
        -:   10://     * Redistributions in binary form must reproduce the above
        -:   11:// copyright notice, this list of conditions and the following disclaimer
        -:   12:// in the documentation and/or other materials provided with the
        -:   13:// distribution.
        -:   14://     * Neither the name of Google Inc. nor the names of its
        -:   15:// contributors may be used to endorse or promote products derived from
        -:   16:// this software without specific prior written permission.
        -:   17://
        -:   18:// THIS SOFTWARE IS PROVIDED BY THE COPYRIGHT HOLDERS AND CONTRIBUTORS
        -:   19:// "AS IS" AND ANY EXPRESS OR IMPLIED WARRANTIES, INCLUDING, BUT NOT
        -:   20:// LIMITED TO, THE IMPLIED WARRANTIES OF MERCHANTABILITY AND FITNESS FOR
        -:   21:// A PARTICULAR PURPOSE ARE DISCLAIMED. IN NO EVENT SHALL THE COPYRIGHT
        -:   22:// OWNER OR CONTRIBUTORS BE LIABLE FOR ANY DIRECT, INDIRECT, INCIDENTAL,
        -:   23:// SPECIAL, EXEMPLARY, OR CONSEQUENTIAL DAMAGES (INCLUDING, BUT NOT
        -:   24:// LIMITED TO, PROCUREMENT OF SUBSTITUTE GOODS OR SERVICES; LOSS OF USE,
        -:   25:// DATA, OR PROFITS; OR BUSINESS INTERRUPTION) HOWEVER CAUSED AND ON ANY
        -:   26:// THEORY OF LIABILITY, WHETHER IN CONTRACT, STRICT LIABILITY, OR TORT
        -:   27:// (INCLUDING NEGLIGENCE OR OTHERWISE) ARISING IN ANY WAY OUT OF THE USE
        -:   28:// OF THIS SOFTWARE, EVEN IF ADVISED OF THE POSSIBILITY OF SUCH DAMAGE.
        -:   29:
        -:   30://
        -:   31:// The Google C++ Testing and Mocking Framework (Google Test)
        -:   32:
        -:   33:#include "gtest/gtest.h"
        -:   34:#include "gtest/internal/custom/gtest.h"
        -:   35:#include "gtest/gtest-spi.h"
        -:   36:
        -:   37:#include <ctype.h>
        -:   38:#include <stdarg.h>
        -:   39:#include <stdio.h>
        -:   40:#include <stdlib.h>
        -:   41:#include <time.h>
        -:   42:#include <wchar.h>
        -:   43:#include <wctype.h>
        -:   44:
        -:   45:#include <algorithm>
        -:   46:#include <chrono>  // NOLINT
        -:   47:#include <cmath>
        -:   48:#include <cstdint>
        -:   49:#include <iomanip>
        -:   50:#include <limits>
        -:   51:#include <list>
        -:   52:#include <map>
        -:   53:#include <ostream>  // NOLINT
        -:   54:#include <sstream>
        -:   55:#include <vector>
        -:   56:
        -:   57:#if GTEST_OS_LINUX
        -:   58:
        -:   59:# include <fcntl.h>  // NOLINT
        -:   60:# include <limits.h>  // NOLINT
        -:   61:# include <sched.h>  // NOLINT
        -:   62:// Declares vsnprintf().  This header is not available on Windows.
        -:   63:# include <strings.h>  // NOLINT
        -:   64:# include <sys/mman.h>  // NOLINT
        -:   65:# include <sys/time.h>  // NOLINT
        -:   66:# include <unistd.h>  // NOLINT
        -:   67:# include <string>
        -:   68:
        -:   69:#elif GTEST_OS_ZOS
        -:   70:# include <sys/time.h>  // NOLINT
        -:   71:
        -:   72:// On z/OS we additionally need strings.h for strcasecmp.
        -:   73:# include <strings.h>  // NOLINT
        -:   74:
        -:   75:#elif GTEST_OS_WINDOWS_MOBILE  // We are on Windows CE.
        -:   76:
        -:   77:# include <windows.h>  // NOLINT
        -:   78:# undef min
        -:   79:
        -:   80:#elif GTEST_OS_WINDOWS  // We are on Windows proper.
        -:   81:
        -:   82:# include <windows.h>  // NOLINT
        -:   83:# undef min
        -:   84:
        -:   85:#ifdef _MSC_VER
        -:   86:# include <crtdbg.h>  // NOLINT
        -:   87:#endif
        -:   88:
        -:   89:# include <io.h>  // NOLINT
        -:   90:# include <sys/timeb.h>  // NOLINT
        -:   91:# include <sys/types.h>  // NOLINT
        -:   92:# include <sys/stat.h>  // NOLINT
        -:   93:
        -:   94:# if GTEST_OS_WINDOWS_MINGW
        -:   95:#  include <sys/time.h>  // NOLINT
        -:   96:# endif  // GTEST_OS_WINDOWS_MINGW
        -:   97:
        -:   98:#else
        -:   99:
        -:  100:// cpplint thinks that the header is already included, so we want to
        -:  101:// silence it.
        -:  102:# include <sys/time.h>  // NOLINT
        -:  103:# include <unistd.h>  // NOLINT
        -:  104:
        -:  105:#endif  // GTEST_OS_LINUX
        -:  106:
        -:  107:#if GTEST_HAS_EXCEPTIONS
        -:  108:# include <stdexcept>
        -:  109:#endif
        -:  110:
        -:  111:#if GTEST_CAN_STREAM_RESULTS_
        -:  112:# include <arpa/inet.h>  // NOLINT
        -:  113:# include <netdb.h>  // NOLINT
        -:  114:# include <sys/socket.h>  // NOLINT
        -:  115:# include <sys/types.h>  // NOLINT
        -:  116:#endif
        -:  117:
        -:  118:#include "src/gtest-internal-inl.h"
        -:  119:
        -:  120:#if GTEST_OS_WINDOWS
        -:  121:# define vsnprintf _vsnprintf
        -:  122:#endif  // GTEST_OS_WINDOWS
        -:  123:
        -:  124:#if GTEST_OS_MAC
        -:  125:#ifndef GTEST_OS_IOS
        -:  126:#include <crt_externs.h>
        -:  127:#endif
        -:  128:#endif
        -:  129:
        -:  130:#if GTEST_HAS_ABSL
        -:  131:#include "absl/debugging/failure_signal_handler.h"
        -:  132:#include "absl/debugging/stacktrace.h"
        -:  133:#include "absl/debugging/symbolize.h"
        -:  134:#include "absl/strings/str_cat.h"
        -:  135:#endif  // GTEST_HAS_ABSL
        -:  136:
        -:  137:namespace testing {
        -:  138:
        -:  139:using internal::CountIf;
        -:  140:using internal::ForEach;
        -:  141:using internal::GetElementOr;
        -:  142:using internal::Shuffle;
        -:  143:
        -:  144:// Constants.
        -:  145:
        -:  146:// A test whose test suite name or test name matches this filter is
        -:  147:// disabled and not run.
        -:  148:static const char kDisableTestFilter[] = "DISABLED_*:*/DISABLED_*";
        -:  149:
        -:  150:// A test suite whose name matches this filter is considered a death
        -:  151:// test suite and will be run before test suites whose name doesn't
        -:  152:// match this filter.
        -:  153:static const char kDeathTestSuiteFilter[] = "*DeathTest:*DeathTest/*";
        -:  154:
        -:  155:// A test filter that matches everything.
        -:  156:static const char kUniversalFilter[] = "*";
        -:  157:
        -:  158:// The default output format.
        -:  159:static const char kDefaultOutputFormat[] = "xml";
        -:  160:// The default output file.
        -:  161:static const char kDefaultOutputFile[] = "test_detail";
        -:  162:
        -:  163:// The environment variable name for the test shard index.
        -:  164:static const char kTestShardIndex[] = "GTEST_SHARD_INDEX";
        -:  165:// The environment variable name for the total number of test shards.
        -:  166:static const char kTestTotalShards[] = "GTEST_TOTAL_SHARDS";
        -:  167:// The environment variable name for the test shard status file.
        -:  168:static const char kTestShardStatusFile[] = "GTEST_SHARD_STATUS_FILE";
        -:  169:
        -:  170:namespace internal {
        -:  171:
        -:  172:// The text used in failure messages to indicate the start of the
        -:  173:// stack trace.
        -:  174:const char kStackTraceMarker[] = "\nStack trace:\n";
        -:  175:
        -:  176:// g_help_flag is true if and only if the --help flag or an equivalent form
        -:  177:// is specified on the command line.
        -:  178:bool g_help_flag = false;
        -:  179:
        -:  180:// Utilty function to Open File for Writing
    #####:  181:static FILE* OpenFileForWriting(const std::string& output_file) {
    #####:  182:  FILE* fileout = nullptr;
    #####:  183:  FilePath output_file_path(output_file);
    %%%%%:  183-block  0
    $$$$$:  183-block  1
    #####:  184:  FilePath output_dir(output_file_path.RemoveFileName());
    %%%%%:  184-block  0
    $$$$$:  184-block  1
        -:  185:
    #####:  186:  if (output_dir.CreateDirectoriesRecursively()) {
    %%%%%:  186-block  0
    %%%%%:  186-block  1
    #####:  187:    fileout = posix::FOpen(output_file.c_str(), "w");
    %%%%%:  187-block  0
    %%%%%:  187-block  1
        -:  188:  }
    #####:  189:  if (fileout == nullptr) {
    %%%%%:  189-block  0
    #####:  190:    GTEST_LOG_(FATAL) << "Unable to open file \"" << output_file << "\"";
    %%%%%:  190-block  0
    %%%%%:  190-block  1
    %%%%%:  190-block  2
    %%%%%:  190-block  3
    %%%%%:  190-block  4
    $$$$$:  190-block  5
    $$$$$:  190-block  6
        -:  191:  }
    #####:  192:  return fileout;
    %%%%%:  192-block  0
    %%%%%:  192-block  1
        -:  193:}
        -:  194:
        -:  195:}  // namespace internal
        -:  196:
        -:  197:// Bazel passes in the argument to '--test_filter' via the TESTBRIDGE_TEST_ONLY
        -:  198:// environment variable.
        1:  199:static const char* GetDefaultFilter() {
        -:  200:  const char* const testbridge_test_only =
        1:  201:      internal::posix::GetEnv("TESTBRIDGE_TEST_ONLY");
        1:  201-block  0
        1:  202:  if (testbridge_test_only != nullptr) {
    #####:  203:    return testbridge_test_only;
    %%%%%:  203-block  0
        -:  204:  }
        1:  205:  return kUniversalFilter;
        1:  205-block  0
        -:  206:}
        -:  207:
        -:  208:// Bazel passes in the argument to '--test_runner_fail_fast' via the
        -:  209:// TESTBRIDGE_TEST_RUNNER_FAIL_FAST environment variable.
        1:  210:static bool GetDefaultFailFast() {
        -:  211:  const char* const testbridge_test_runner_fail_fast =
        1:  212:      internal::posix::GetEnv("TESTBRIDGE_TEST_RUNNER_FAIL_FAST");
        1:  212-block  0
        1:  213:  if (testbridge_test_runner_fail_fast != nullptr) {
    #####:  214:    return strcmp(testbridge_test_runner_fail_fast, "1") == 0;
    %%%%%:  214-block  0
        -:  215:  }
        1:  216:  return false;
        1:  216-block  0
        -:  217:}
        -:  218:
        -:  219:GTEST_DEFINE_bool_(
        -:  220:    fail_fast, internal::BoolFromGTestEnv("fail_fast", GetDefaultFailFast()),
        -:  221:    "True if and only if a test failure should stop further test execution.");
        -:  222:
        -:  223:GTEST_DEFINE_bool_(
        -:  224:    also_run_disabled_tests,
        -:  225:    internal::BoolFromGTestEnv("also_run_disabled_tests", false),
        -:  226:    "Run disabled tests too, in addition to the tests normally being run.");
        -:  227:
        -:  228:GTEST_DEFINE_bool_(
        -:  229:    break_on_failure, internal::BoolFromGTestEnv("break_on_failure", false),
        -:  230:    "True if and only if a failed assertion should be a debugger "
        -:  231:    "break-point.");
        -:  232:
        -:  233:GTEST_DEFINE_bool_(catch_exceptions,
        -:  234:                   internal::BoolFromGTestEnv("catch_exceptions", true),
        -:  235:                   "True if and only if " GTEST_NAME_
        -:  236:                   " should catch exceptions and treat them as test failures.");
        -:  237:
        -:  238:GTEST_DEFINE_string_(
        -:  239:    color,
        -:  240:    internal::StringFromGTestEnv("color", "auto"),
        -:  241:    "Whether to use colors in the output.  Valid values: yes, no, "
        -:  242:    "and auto.  'auto' means to use colors if the output is "
        -:  243:    "being sent to a terminal and the TERM environment variable "
        -:  244:    "is set to a terminal type that supports colors.");
        -:  245:
        -:  246:GTEST_DEFINE_string_(
        -:  247:    filter,
        -:  248:    internal::StringFromGTestEnv("filter", GetDefaultFilter()),
        -:  249:    "A colon-separated list of glob (not regex) patterns "
        -:  250:    "for filtering the tests to run, optionally followed by a "
        -:  251:    "'-' and a : separated list of negative patterns (tests to "
        -:  252:    "exclude).  A test is run if it matches one of the positive "
        -:  253:    "patterns and does not match any of the negative patterns.");
        -:  254:
        -:  255:GTEST_DEFINE_bool_(
        -:  256:    install_failure_signal_handler,
        -:  257:    internal::BoolFromGTestEnv("install_failure_signal_handler", false),
        -:  258:    "If true and supported on the current platform, " GTEST_NAME_ " should "
        -:  259:    "install a signal handler that dumps debugging information when fatal "
        -:  260:    "signals are raised.");
        -:  261:
        -:  262:GTEST_DEFINE_bool_(list_tests, false,
        -:  263:                   "List all tests without running them.");
        -:  264:
        -:  265:// The net priority order after flag processing is thus:
        -:  266://   --gtest_output command line flag
        -:  267://   GTEST_OUTPUT environment variable
        -:  268://   XML_OUTPUT_FILE environment variable
        -:  269://   ''
        -:  270:GTEST_DEFINE_string_(
        -:  271:    output,
        -:  272:    internal::StringFromGTestEnv("output",
        -:  273:      internal::OutputFlagAlsoCheckEnvVar().c_str()),
        -:  274:    "A format (defaults to \"xml\" but can be specified to be \"json\"), "
        -:  275:    "optionally followed by a colon and an output file name or directory. "
        -:  276:    "A directory is indicated by a trailing pathname separator. "
        -:  277:    "Examples: \"xml:filename.xml\", \"xml::directoryname/\". "
        -:  278:    "If a directory is specified, output files will be created "
        -:  279:    "within that directory, with file-names based on the test "
        -:  280:    "executable's name and, if necessary, made unique by adding "
        -:  281:    "digits.");
        -:  282:
        -:  283:GTEST_DEFINE_bool_(
        -:  284:    brief, internal::BoolFromGTestEnv("brief", false),
        -:  285:    "True if only test failures should be displayed in text output.");
        -:  286:
        -:  287:GTEST_DEFINE_bool_(print_time, internal::BoolFromGTestEnv("print_time", true),
        -:  288:                   "True if and only if " GTEST_NAME_
        -:  289:                   " should display elapsed time in text output.");
        -:  290:
        -:  291:GTEST_DEFINE_bool_(print_utf8, internal::BoolFromGTestEnv("print_utf8", true),
        -:  292:                   "True if and only if " GTEST_NAME_
        -:  293:                   " prints UTF8 characters as text.");
        -:  294:
        -:  295:GTEST_DEFINE_int32_(
        -:  296:    random_seed,
        -:  297:    internal::Int32FromGTestEnv("random_seed", 0),
        -:  298:    "Random number seed to use when shuffling test orders.  Must be in range "
        -:  299:    "[1, 99999], or 0 to use a seed based on the current time.");
        -:  300:
        -:  301:GTEST_DEFINE_int32_(
        -:  302:    repeat,
        -:  303:    internal::Int32FromGTestEnv("repeat", 1),
        -:  304:    "How many times to repeat each test.  Specify a negative number "
        -:  305:    "for repeating forever.  Useful for shaking out flaky tests.");
        -:  306:
        -:  307:GTEST_DEFINE_bool_(show_internal_stack_frames, false,
        -:  308:                   "True if and only if " GTEST_NAME_
        -:  309:                   " should include internal stack frames when "
        -:  310:                   "printing test failure stack traces.");
        -:  311:
        -:  312:GTEST_DEFINE_bool_(shuffle, internal::BoolFromGTestEnv("shuffle", false),
        -:  313:                   "True if and only if " GTEST_NAME_
        -:  314:                   " should randomize tests' order on every run.");
        -:  315:
        -:  316:GTEST_DEFINE_int32_(
        -:  317:    stack_trace_depth,
        -:  318:    internal::Int32FromGTestEnv("stack_trace_depth", kMaxStackTraceDepth),
        -:  319:    "The maximum number of stack frames to print when an "
        -:  320:    "assertion fails.  The valid range is 0 through 100, inclusive.");
        -:  321:
        -:  322:GTEST_DEFINE_string_(
        -:  323:    stream_result_to,
        -:  324:    internal::StringFromGTestEnv("stream_result_to", ""),
        -:  325:    "This flag specifies the host name and the port number on which to stream "
        -:  326:    "test results. Example: \"localhost:555\". The flag is effective only on "
        -:  327:    "Linux.");
        -:  328:
        -:  329:GTEST_DEFINE_bool_(
        -:  330:    throw_on_failure,
        -:  331:    internal::BoolFromGTestEnv("throw_on_failure", false),
        -:  332:    "When this flag is specified, a failed assertion will throw an exception "
        -:  333:    "if exceptions are enabled or exit the program with a non-zero code "
        -:  334:    "otherwise. For use with an external test framework.");
        -:  335:
        -:  336:#if GTEST_USE_OWN_FLAGFILE_FLAG_
        -:  337:GTEST_DEFINE_string_(
        -:  338:    flagfile,
        -:  339:    internal::StringFromGTestEnv("flagfile", ""),
        -:  340:    "This flag specifies the flagfile to read command-line flags from.");
        -:  341:#endif  // GTEST_USE_OWN_FLAGFILE_FLAG_
        -:  342:
        -:  343:namespace internal {
        -:  344:
        -:  345:// Generates a random number from [0, range), using a Linear
        -:  346:// Congruential Generator (LCG).  Crashes if 'range' is 0 or greater
        -:  347:// than kMaxRange.
    #####:  348:uint32_t Random::Generate(uint32_t range) {
        -:  349:  // These constants are the same as are used in glibc's rand(3).
        -:  350:  // Use wider types than necessary to prevent unsigned overflow diagnostics.
    #####:  351:  state_ = static_cast<uint32_t>(1103515245ULL*state_ + 12345U) % kMaxRange;
        -:  352:
    #####:  353:  GTEST_CHECK_(range > 0)
    %%%%%:  353-block  0
    %%%%%:  353-block  1
    %%%%%:  353-block  2
    $$$$$:  353-block  3
    $$$$$:  353-block  4
    #####:  354:      << "Cannot generate a number in the range [0, 0).";
    %%%%%:  354-block  0
    #####:  355:  GTEST_CHECK_(range <= kMaxRange)
    %%%%%:  355-block  0
    %%%%%:  355-block  1
    %%%%%:  355-block  2
    $$$$$:  355-block  3
    #####:  356:      << "Generation of a number in [0, " << range << ") was requested, "
    %%%%%:  356-block  0
    %%%%%:  356-block  1
    #####:  357:      << "but this can only generate numbers in [0, " << kMaxRange << ").";
    %%%%%:  357-block  0
    %%%%%:  357-block  1
    %%%%%:  357-block  2
    %%%%%:  357-block  3
        -:  358:
        -:  359:  // Converting via modulus introduces a bit of downward bias, but
        -:  360:  // it's simple, and a linear congruential generator isn't too good
        -:  361:  // to begin with.
    #####:  362:  return state_ % range;
    %%%%%:  362-block  0
    %%%%%:  362-block  1
        -:  363:}
        -:  364:
        -:  365:// GTestIsInitialized() returns true if and only if the user has initialized
        -:  366:// Google Test.  Useful for catching the user mistake of not initializing
        -:  367:// Google Test before calling RUN_ALL_TESTS().
        2:  368:static bool GTestIsInitialized() { return GetArgvs().size() > 0; }
        2:  368-block  0
        -:  369:
        -:  370:// Iterates over a vector of TestSuites, keeping a running sum of the
        -:  371:// results of calling a given int-returning method on each.
        -:  372:// Returns the sum.
    #####:  373:static int SumOverTestSuiteList(const std::vector<TestSuite*>& case_list,
        -:  374:                                int (TestSuite::*method)() const) {
    #####:  375:  int sum = 0;
    #####:  376:  for (size_t i = 0; i < case_list.size(); i++) {
    %%%%%:  376-block  0
    %%%%%:  376-block  1
    #####:  377:    sum += (case_list[i]->*method)();
    %%%%%:  377-block  0
    %%%%%:  377-block  1
    %%%%%:  377-block  2
    %%%%%:  377-block  3
        -:  378:  }
    #####:  379:  return sum;
    %%%%%:  379-block  0
        -:  380:}
        -:  381:
        -:  382:// Returns true if and only if the test suite passed.
    #####:  383:static bool TestSuitePassed(const TestSuite* test_suite) {
    #####:  384:  return test_suite->should_run() && test_suite->Passed();
    %%%%%:  384-block  0
    %%%%%:  384-block  1
    %%%%%:  384-block  2
    %%%%%:  384-block  3
    %%%%%:  384-block  4
        -:  385:}
        -:  386:
        -:  387:// Returns true if and only if the test suite failed.
    #####:  388:static bool TestSuiteFailed(const TestSuite* test_suite) {
    #####:  389:  return test_suite->should_run() && test_suite->Failed();
    %%%%%:  389-block  0
    %%%%%:  389-block  1
    %%%%%:  389-block  2
    %%%%%:  389-block  3
    %%%%%:  389-block  4
        -:  390:}
        -:  391:
        -:  392:// Returns true if and only if test_suite contains at least one test that
        -:  393:// should run.
    #####:  394:static bool ShouldRunTestSuite(const TestSuite* test_suite) {
    #####:  395:  return test_suite->should_run();
    %%%%%:  395-block  0
        -:  396:}
        -:  397:
        -:  398:// AssertHelper constructor.
    #####:  399:AssertHelper::AssertHelper(TestPartResult::Type type,
        -:  400:                           const char* file,
        -:  401:                           int line,
    #####:  402:                           const char* message)
    #####:  403:    : data_(new AssertHelperData(type, file, line, message)) {
    %%%%%:  403-block  0
    $$$$$:  403-block  1
    #####:  404:}
    %%%%%:  404-block  0
        -:  405:
    #####:  406:AssertHelper::~AssertHelper() {
    #####:  407:  delete data_;
    %%%%%:  407-block  0
    %%%%%:  407-block  1
    #####:  408:}
        -:  409:
        -:  410:// Message assignment, for assertion streaming support.
    #####:  411:void AssertHelper::operator=(const Message& message) const {
        -:  412:  UnitTest::GetInstance()->
    #####:  413:    AddTestPartResult(data_->type, data_->file, data_->line,
    %%%%%:  413-block  0
    %%%%%:  413-block  1
    #####:  414:                      AppendUserMessage(data_->message, message),
    %%%%%:  414-block  0
    $$$$$:  414-block  1
    $$$$$:  414-block  2
        -:  415:                      UnitTest::GetInstance()->impl()
    #####:  416:                      ->CurrentOsStackTraceExceptTop(1)
    $$$$$:  416-block  0
        -:  417:                      // Skips the stack frame for this function itself.
        -:  418:                      );  // NOLINT
    #####:  419:}
        -:  420:
        -:  421:namespace {
        -:  422:
        -:  423:// When TEST_P is found without a matching INSTANTIATE_TEST_SUITE_P
        -:  424:// to creates test cases for it, a syntetic test case is
        -:  425:// inserted to report ether an error or a log message.
        -:  426://
        -:  427:// This configuration bit will likely be removed at some point.
        -:  428:constexpr bool kErrorOnUninstantiatedParameterizedTest = true;
        -:  429:constexpr bool kErrorOnUninstantiatedTypeParameterizedTest = true;
        -:  430:
        -:  431:// A test that fails at a given file/line location with a given message.
        -:  432:class FailureTest : public Test {
        -:  433: public:
    #####:  434:  explicit FailureTest(const CodeLocation& loc, std::string error_message,
        -:  435:                       bool as_error)
    #####:  436:      : loc_(loc),
    #####:  437:        error_message_(std::move(error_message)),
    #####:  438:        as_error_(as_error) {}
    %%%%%:  438-block  0
    %%%%%:  438-block  1
    $$$$$:  438-block  2
        -:  439:
    #####:  440:  void TestBody() override {
    #####:  441:    if (as_error_) {
    %%%%%:  441-block  0
    #####:  442:      AssertHelper(TestPartResult::kNonFatalFailure, loc_.file.c_str(),
    %%%%%:  442-block  0
    $$$$$:  442-block  1
    $$$$$:  442-block  2
    #####:  443:                   loc_.line, "") = Message() << error_message_;
    %%%%%:  443-block  0
    %%%%%:  443-block  1
    %%%%%:  443-block  2
    $$$$$:  443-block  3
        -:  444:    } else {
    #####:  445:      std::cout << error_message_ << std::endl;
    %%%%%:  445-block  0
        -:  446:    }
    #####:  447:  }
    %%%%%:  447-block  0
        -:  448:
        -:  449: private:
        -:  450:  const CodeLocation loc_;
        -:  451:  const std::string error_message_;
        -:  452:  const bool as_error_;
        -:  453:};
        -:  454:
        -:  455:
        -:  456:}  // namespace
        -:  457:
        1:  458:std::set<std::string>* GetIgnoredParameterizedTestSuites() {
        1:  459:  return UnitTest::GetInstance()->impl()->ignored_parameterized_test_suites();
        1:  459-block  0
        -:  460:}
        -:  461:
        -:  462:// Add a given test_suit to the list of them allow to go un-instantiated.
    #####:  463:MarkAsIgnored::MarkAsIgnored(const char* test_suite) {
    #####:  464:  GetIgnoredParameterizedTestSuites()->insert(test_suite);
    %%%%%:  464-block  0
    %%%%%:  464-block  1
    %%%%%:  464-block  2
    $$$$$:  464-block  3
    $$$$$:  464-block  4
    $$$$$:  464-block  5
    #####:  465:}
        -:  466:
        -:  467:// If this parameterized test suite has no instantiations (and that
        -:  468:// has not been marked as okay), emit a test case reporting that.
    #####:  469:void InsertSyntheticTestCase(const std::string& name, CodeLocation location,
        -:  470:                             bool has_test_p) {
    #####:  471:  const auto& ignored = *GetIgnoredParameterizedTestSuites();
    %%%%%:  471-block  0
    #####:  472:  if (ignored.find(name) != ignored.end()) return;
    %%%%%:  472-block  0
    %%%%%:  472-block  1
    %%%%%:  472-block  2
    $$$$$:  472-block  3
        -:  473:
    #####:  474:  const char kMissingInstantiation[] =  //
        -:  475:      " is defined via TEST_P, but never instantiated. None of the test cases "
        -:  476:      "will run. Either no INSTANTIATE_TEST_SUITE_P is provided or the only "
        -:  477:      "ones provided expand to nothing."
        -:  478:      "\n\n"
        -:  479:      "Ideally, TEST_P definitions should only ever be included as part of "
        -:  480:      "binaries that intend to use them. (As opposed to, for example, being "
        -:  481:      "placed in a library that may be linked in to get other utilities.)";
        -:  482:
    #####:  483:  const char kMissingTestCase[] =  //
        -:  484:      " is instantiated via INSTANTIATE_TEST_SUITE_P, but no tests are "
        -:  485:      "defined via TEST_P . No test cases will run."
        -:  486:      "\n\n"
        -:  487:      "Ideally, INSTANTIATE_TEST_SUITE_P should only ever be invoked from "
        -:  488:      "code that always depend on code that provides TEST_P. Failing to do "
        -:  489:      "so is often an indication of dead code, e.g. the last TEST_P was "
        -:  490:      "removed but the rest got left behind.";
        -:  491:
        -:  492:  std::string message =
    #####:  493:      "Parameterized test suite " + name +
    %%%%%:  493-block  0
    %%%%%:  493-block  1
    %%%%%:  493-block  2
    %%%%%:  493-block  3
    %%%%%:  493-block  4
    $$$$$:  493-block  5
    $$$$$:  493-block  6
    #####:  494:      (has_test_p ? kMissingInstantiation : kMissingTestCase) +
    %%%%%:  494-block  0
    $$$$$:  494-block  1
        -:  495:      "\n\n"
        -:  496:      "To suppress this error for this test suite, insert the following line "
        -:  497:      "(in a non-header) in the namespace it is defined in:"
        -:  498:      "\n\n"
    #####:  499:      "GTEST_ALLOW_UNINSTANTIATED_PARAMETERIZED_TEST(" + name + ");";
    %%%%%:  499-block  0
    %%%%%:  499-block  1
    $$$$$:  499-block  2
    $$$$$:  499-block  3
        -:  500:
    #####:  501:  std::string full_name = "UninstantiatedParameterizedTestSuite<" + name + ">";
    %%%%%:  501-block  0
    $$$$$:  501-block  1
    $$$$$:  501-block  2
    #####:  502:  RegisterTest(  //
    %%%%%:  502-block  0
    %%%%%:  502-block  1
    %%%%%:  502-block  2
    $$$$$:  502-block  3
    $$$$$:  502-block  4
        -:  503:      "GoogleTestVerification", full_name.c_str(),
        -:  504:      nullptr,  // No type parameter.
        -:  505:      nullptr,  // No value parameter.
    #####:  506:      location.file.c_str(), location.line, [message, location] {
    #####:  507:        return new FailureTest(location, message,
    #####:  508:                               kErrorOnUninstantiatedParameterizedTest);
    %%%%%:  508-block  0
    %%%%%:  508-block  1
    %%%%%:  508-block  2
    %%%%%:  508-block  3
    $$$$$:  508-block  4
    $$$$$:  508-block  5
        -:  509:      });
        -:  510:}
        -:  511:
    #####:  512:void RegisterTypeParameterizedTestSuite(const char* test_suite_name,
        -:  513:                                        CodeLocation code_location) {
    #####:  514:  GetUnitTestImpl()->type_parameterized_test_registry().RegisterTestSuite(
    %%%%%:  514-block  0
    %%%%%:  514-block  1
    $$$$$:  514-block  2
        -:  515:      test_suite_name, code_location);
    #####:  516:}
        -:  517:
    #####:  518:void RegisterTypeParameterizedTestSuiteInstantiation(const char* case_name) {
        -:  519:  GetUnitTestImpl()
    #####:  520:      ->type_parameterized_test_registry()
    %%%%%:  520-block  0
    #####:  521:      .RegisterInstantiation(case_name);
    #####:  522:}
        -:  523:
    #####:  524:void TypeParameterizedTestSuiteRegistry::RegisterTestSuite(
        -:  525:    const char* test_suite_name, CodeLocation code_location) {
    #####:  526:  suites_.emplace(std::string(test_suite_name),
    %%%%%:  526-block  0
    %%%%%:  526-block  1
    $$$$$:  526-block  2
    $$$$$:  526-block  3
    $$$$$:  526-block  4
    $$$$$:  526-block  5
    #####:  527:                 TypeParameterizedTestSuiteInfo(code_location));
    %%%%%:  527-block  0
    %%%%%:  527-block  1
    $$$$$:  527-block  2
    $$$$$:  527-block  3
    $$$$$:  527-block  4
    #####:  528:}
        -:  529:
    #####:  530:void TypeParameterizedTestSuiteRegistry::RegisterInstantiation(
        -:  531:        const char* test_suite_name) {
    #####:  532:  auto it = suites_.find(std::string(test_suite_name));
    %%%%%:  532-block  0
    %%%%%:  532-block  1
    %%%%%:  532-block  2
    $$$$$:  532-block  3
    $$$$$:  532-block  4
    $$$$$:  532-block  5
    $$$$$:  532-block  6
    #####:  533:  if (it != suites_.end()) {
    #####:  534:    it->second.instantiated = true;
    %%%%%:  534-block  0
        -:  535:  } else {
    #####:  536:    GTEST_LOG_(ERROR) << "Unknown type parameterized test suit '"
    %%%%%:  536-block  0
    %%%%%:  536-block  1
    %%%%%:  536-block  2
    $$$$$:  536-block  3
    $$$$$:  536-block  4
    #####:  537:                      << test_suite_name << "'";
    %%%%%:  537-block  0
    %%%%%:  537-block  1
        -:  538:  }
    #####:  539:}
    %%%%%:  539-block  0
        -:  540:
        1:  541:void TypeParameterizedTestSuiteRegistry::CheckForInstantiations() {
        1:  542:  const auto& ignored = *GetIgnoredParameterizedTestSuites();
        1:  542-block  0
       1*:  543:  for (const auto& testcase : suites_) {
        1:  543-block  0
    %%%%%:  543-block  1
    %%%%%:  543-block  2
    #####:  544:    if (testcase.second.instantiated) continue;
    %%%%%:  544-block  0
    %%%%%:  544-block  1
    #####:  545:    if (ignored.find(testcase.first) != ignored.end()) continue;
    %%%%%:  545-block  0
    %%%%%:  545-block  1
    %%%%%:  545-block  2
    $$$$$:  545-block  3
        -:  546:
        -:  547:    std::string message =
    #####:  548:        "Type parameterized test suite " + testcase.first +
    %%%%%:  548-block  0
    $$$$$:  548-block  1
    $$$$$:  548-block  2
        -:  549:        " is defined via REGISTER_TYPED_TEST_SUITE_P, but never instantiated "
        -:  550:        "via INSTANTIATE_TYPED_TEST_SUITE_P. None of the test cases will run."
        -:  551:        "\n\n"
        -:  552:        "Ideally, TYPED_TEST_P definitions should only ever be included as "
        -:  553:        "part of binaries that intend to use them. (As opposed to, for "
        -:  554:        "example, being placed in a library that may be linked in to get other "
        -:  555:        "utilities.)"
        -:  556:        "\n\n"
        -:  557:        "To suppress this error for this test suite, insert the following line "
        -:  558:        "(in a non-header) in the namespace it is defined in:"
        -:  559:        "\n\n"
    #####:  560:        "GTEST_ALLOW_UNINSTANTIATED_PARAMETERIZED_TEST(" +
    %%%%%:  560-block  0
    $$$$$:  560-block  1
    #####:  561:        testcase.first + ");";
    %%%%%:  561-block  0
    %%%%%:  561-block  1
    $$$$$:  561-block  2
        -:  562:
        -:  563:    std::string full_name =
    #####:  564:        "UninstantiatedTypeParameterizedTestSuite<" + testcase.first + ">";
    %%%%%:  564-block  0
    $$$$$:  564-block  1
    $$$$$:  564-block  2
    #####:  565:    RegisterTest(  //
    %%%%%:  565-block  0
    %%%%%:  565-block  1
    $$$$$:  565-block  2
    $$$$$:  565-block  3
        -:  566:        "GoogleTestVerification", full_name.c_str(),
        -:  567:        nullptr,  // No type parameter.
        -:  568:        nullptr,  // No value parameter.
        -:  569:        testcase.second.code_location.file.c_str(),
    #####:  570:        testcase.second.code_location.line, [message, testcase] {
    %%%%%:  570-block  0
    #####:  571:          return new FailureTest(testcase.second.code_location, message,
    #####:  572:                                 kErrorOnUninstantiatedTypeParameterizedTest);
    %%%%%:  572-block  0
    %%%%%:  572-block  1
    %%%%%:  572-block  2
    %%%%%:  572-block  3
    $$$$$:  572-block  4
    $$$$$:  572-block  5
        -:  573:        });
        -:  574:  }
        1:  575:}
        1:  575-block  0
        -:  576:
        -:  577:// A copy of all command line arguments.  Set by InitGoogleTest().
        -:  578:static ::std::vector<std::string> g_argvs;
        -:  579:
        2:  580:::std::vector<std::string> GetArgvs() {
        -:  581:#if defined(GTEST_CUSTOM_GET_ARGVS_)
        -:  582:  // GTEST_CUSTOM_GET_ARGVS_() may return a container of std::string or
        -:  583:  // ::string. This code converts it to the appropriate type.
        -:  584:  const auto& custom = GTEST_CUSTOM_GET_ARGVS_();
        -:  585:  return ::std::vector<std::string>(custom.begin(), custom.end());
        -:  586:#else   // defined(GTEST_CUSTOM_GET_ARGVS_)
        2:  587:  return g_argvs;
        2:  587-block  0
        -:  588:#endif  // defined(GTEST_CUSTOM_GET_ARGVS_)
        -:  589:}
        -:  590:
        -:  591:// Returns the current application's name, removing directory path if that
        -:  592:// is present.
    #####:  593:FilePath GetCurrentExecutableName() {
    #####:  594:  FilePath result;
    %%%%%:  594-block  0
    %%%%%:  594-block  1
    $$$$$:  594-block  2
        -:  595:
        -:  596:#if GTEST_OS_WINDOWS || GTEST_OS_OS2
        -:  597:  result.Set(FilePath(GetArgvs()[0]).RemoveExtension("exe"));
        -:  598:#else
    #####:  599:  result.Set(FilePath(GetArgvs()[0]));
    %%%%%:  599-block  0
    %%%%%:  599-block  1
    %%%%%:  599-block  2
    %%%%%:  599-block  3
    $$$$$:  599-block  4
    $$$$$:  599-block  5
    $$$$$:  599-block  6
    $$$$$:  599-block  7
        -:  600:#endif  // GTEST_OS_WINDOWS
        -:  601:
    #####:  602:  return result.RemoveDirectoryName();
    %%%%%:  602-block  0
        -:  603:}
        -:  604:
        -:  605:// Functions for processing the gtest_output flag.
        -:  606:
        -:  607:// Returns the output format, or "" for normal printed output.
        2:  608:std::string UnitTestOptions::GetOutputFormat() {
        2:  609:  const char* const gtest_output_flag = GTEST_FLAG(output).c_str();
        2:  609-block  0
        2:  610:  const char* const colon = strchr(gtest_output_flag, ':');
        -:  611:  return (colon == nullptr)
        -:  612:             ? std::string(gtest_output_flag)
        -:  613:             : std::string(gtest_output_flag,
       2*:  614:                           static_cast<size_t>(colon - gtest_output_flag));
        2:  614-block  0
    %%%%%:  614-block  1
        2:  614-block  2
    %%%%%:  614-block  3
        2:  614-block  4
        2:  614-block  5
        2:  614-block  6
        2:  614-block  7
    $$$$$:  614-block  8
    $$$$$:  614-block  9
    $$$$$:  614-block 10
    $$$$$:  614-block 11
    $$$$$:  614-block 12
        -:  615:}
        -:  616:
        -:  617:// Returns the name of the requested output file, or the default if none
        -:  618:// was explicitly specified.
    #####:  619:std::string UnitTestOptions::GetAbsolutePathToOutputFile() {
    #####:  620:  const char* const gtest_output_flag = GTEST_FLAG(output).c_str();
    %%%%%:  620-block  0
        -:  621:
    #####:  622:  std::string format = GetOutputFormat();
    %%%%%:  622-block  0
    $$$$$:  622-block  1
    #####:  623:  if (format.empty())
    %%%%%:  623-block  0
    #####:  624:    format = std::string(kDefaultOutputFormat);
    %%%%%:  624-block  0
    %%%%%:  624-block  1
    $$$$$:  624-block  2
    $$$$$:  624-block  3
        -:  625:
    #####:  626:  const char* const colon = strchr(gtest_output_flag, ':');
    #####:  627:  if (colon == nullptr)
    %%%%%:  627-block  0
    #####:  628:    return internal::FilePath::MakeFileName(
    %%%%%:  628-block  0
    %%%%%:  628-block  1
    %%%%%:  628-block  2
    $$$$$:  628-block  3
    $$$$$:  628-block  4
    #####:  629:        internal::FilePath(
    %%%%%:  629-block  0
    %%%%%:  629-block  1
    %%%%%:  629-block  2
    $$$$$:  629-block  3
    $$$$$:  629-block  4
    $$$$$:  629-block  5
    $$$$$:  629-block  6
    $$$$$:  629-block  7
    $$$$$:  629-block  8
        -:  630:            UnitTest::GetInstance()->original_working_dir()),
    #####:  631:        internal::FilePath(kDefaultOutputFile), 0,
    %%%%%:  631-block  0
    $$$$$:  631-block  1
    $$$$$:  631-block  2
    $$$$$:  631-block  3
    $$$$$:  631-block  4
    $$$$$:  631-block  5
    $$$$$:  631-block  6
    #####:  632:        format.c_str()).string();
    %%%%%:  632-block  0
        -:  633:
    #####:  634:  internal::FilePath output_name(colon + 1);
    %%%%%:  634-block  0
    %%%%%:  634-block  1
    %%%%%:  634-block  2
    $$$$$:  634-block  3
    $$$$$:  634-block  4
    $$$$$:  634-block  5
    #####:  635:  if (!output_name.IsAbsolutePath())
    #####:  636:    output_name = internal::FilePath::ConcatPaths(
    %%%%%:  636-block  0
    %%%%%:  636-block  1
    $$$$$:  636-block  2
    $$$$$:  636-block  3
    #####:  637:        internal::FilePath(UnitTest::GetInstance()->original_working_dir()),
    %%%%%:  637-block  0
    %%%%%:  637-block  1
    %%%%%:  637-block  2
    $$$$$:  637-block  3
    $$$$$:  637-block  4
    $$$$$:  637-block  5
    $$$$$:  637-block  6
    $$$$$:  637-block  7
    $$$$$:  637-block  8
    #####:  638:        internal::FilePath(colon + 1));
    %%%%%:  638-block  0
    %%%%%:  638-block  1
    %%%%%:  638-block  2
    $$$$$:  638-block  3
    $$$$$:  638-block  4
    $$$$$:  638-block  5
    $$$$$:  638-block  6
    $$$$$:  638-block  7
    $$$$$:  638-block  8
        -:  639:
    #####:  640:  if (!output_name.IsDirectory())
    %%%%%:  640-block  0
    #####:  641:    return output_name.string();
    %%%%%:  641-block  0
        -:  642:
        -:  643:  internal::FilePath result(internal::FilePath::GenerateUniqueFileName(
    #####:  644:      output_name, internal::GetCurrentExecutableName(),
    $$$$$:  644-block  0
    #####:  645:      GetOutputFormat().c_str()));
    %%%%%:  645-block  0
    %%%%%:  645-block  1
    %%%%%:  645-block  2
    %%%%%:  645-block  3
    $$$$$:  645-block  4
    $$$$$:  645-block  5
    #####:  646:  return result.string();
        -:  647:}
        -:  648:
        -:  649:// Returns true if and only if the wildcard pattern matches the string. Each
        -:  650:// pattern consists of regular characters, single-character wildcards (?), and
        -:  651:// multi-character wildcards (*).
        -:  652://
        -:  653:// This function implements a linear-time string globbing algorithm based on
        -:  654:// https://research.swtch.com/glob.
       58:  655:static bool PatternMatchesString(const std::string& name_str,
        -:  656:                                 const char* pattern, const char* pattern_end) {
       58:  657:  const char* name = name_str.c_str();
       58:  657-block  0
       58:  658:  const char* const name_begin = name;
       58:  659:  const char* const name_end = name + name_str.size();
        -:  660:
       58:  661:  const char* pattern_next = pattern;
       58:  662:  const char* name_next = name;
        -:  663:
      903:  664:  while (pattern < pattern_end || name < name_end) {
      903:  664-block  0
      203:  664-block  1
      845:  664-block  2
      894:  665:    if (pattern < pattern_end) {
      894:  665-block  0
      700:  666:      switch (*pattern) {
      700:  666-block  0
      262:  667:        default:  // Match an ordinary character.
     262*:  668:          if (name < name_end && *name == *pattern) {
      262:  668-block  0
      240:  668-block  1
    #####:  669:            ++pattern;
    #####:  670:            ++name;
    #####:  671:            continue;
    %%%%%:  671-block  0
        -:  672:          }
      262:  673:          break;
      262:  673-block  0
    #####:  674:        case '?':  // Match any single character.
    #####:  675:          if (name < name_end) {
    %%%%%:  675-block  0
    #####:  676:            ++pattern;
    #####:  677:            ++name;
    #####:  678:            continue;
    %%%%%:  678-block  0
        -:  679:          }
    #####:  680:          break;
    %%%%%:  680-block  0
      438:  681:        case '*':
        -:  682:          // Match zero or more characters. Start by skipping over the wildcard
        -:  683:          // and matching zero characters from name. If that fails, restart and
        -:  684:          // match one more character than the last attempt.
      438:  685:          pattern_next = pattern;
      438:  686:          name_next = name + 1;
      438:  687:          ++pattern;
      438:  688:          continue;
      438:  688-block  0
        -:  689:      }
        -:  690:    }
        -:  691:    // Failed to match a character. Restart if possible.
      456:  692:    if (name_begin < name_next && name_next <= name_end) {
      456:  692-block  0
      429:  692-block  1
      407:  693:      pattern = pattern_next;
      407:  694:      name = name_next;
      407:  695:      continue;
      407:  695-block  0
        -:  696:    }
       49:  697:    return false;
       49:  697-block  0
        -:  698:  }
        9:  699:  return true;
        9:  699-block  0
        -:  700:}
        -:  701:
       38:  702:bool UnitTestOptions::MatchesFilter(const std::string& name_str,
        -:  703:                                    const char* filter) {
        -:  704:  // The filter is a list of patterns separated by colons (:).
       38:  705:  const char* pattern = filter;
       38:  705-block  0
        -:  706:  while (true) {
        -:  707:    // Find the bounds of this pattern.
       58:  708:    const char* const next_sep = strchr(pattern, ':');
       58:  709:    const char* const pattern_end =
       58:  710:        next_sep != nullptr ? next_sep : pattern + strlen(pattern);
       58:  710-block  0
       38:  710-block  1
       20:  710-block  2
        -:  711:
        -:  712:    // Check if this pattern matches name_str.
       58:  713:    if (PatternMatchesString(name_str, pattern, pattern_end)) {
       58:  713-block  0
        9:  714:      return true;
        9:  714-block  0
        -:  715:    }
        -:  716:
        -:  717:    // Give up on this pattern. However, if we found a pattern separator (:),
        -:  718:    // advance to the next pattern (skipping over the separator) and restart.
       49:  719:    if (next_sep == nullptr) {
       49:  719-block  0
       29:  720:      return false;
       29:  720-block  0
        -:  721:    }
       20:  722:    pattern = next_sep + 1;
       20:  723:  }
       20:  723-block  0
        -:  724:  return true;
        -:  725:}
        -:  726:
        -:  727:// Returns true if and only if the user-specified filter matches the test
        -:  728:// suite name and the test name.
        9:  729:bool UnitTestOptions::FilterMatchesTest(const std::string& test_suite_name,
        -:  730:                                        const std::string& test_name) {
       18:  731:  const std::string& full_name = test_suite_name + "." + test_name.c_str();
        9:  731-block  0
        9:  731-block  1
        9:  731-block  2
    $$$$$:  731-block  3
    $$$$$:  731-block  4
    $$$$$:  731-block  5
        -:  732:
        -:  733:  // Split --gtest_filter at '-', if there is one, to separate into
        -:  734:  // positive filter and negative filter portions
        9:  735:  const char* const p = GTEST_FLAG(filter).c_str();
        9:  736:  const char* const dash = strchr(p, '-');
       18:  737:  std::string positive;
    $$$$$:  737-block  0
        9:  738:  std::string negative;
    $$$$$:  738-block  0
        9:  739:  if (dash == nullptr) {
        9:  740:    positive = GTEST_FLAG(filter).c_str();  // Whole string is a positive filter
        9:  740-block  0
        9:  741:    negative = "";
        9:  741-block  0
        -:  742:  } else {
    #####:  743:    positive = std::string(p, dash);   // Everything up to the dash
    %%%%%:  743-block  0
    %%%%%:  743-block  1
    $$$$$:  743-block  2
    $$$$$:  743-block  3
    #####:  744:    negative = std::string(dash + 1);  // Everything after the dash
    %%%%%:  744-block  0
    $$$$$:  744-block  1
    $$$$$:  744-block  2
    #####:  745:    if (positive.empty()) {
        -:  746:      // Treat '-test1' as the same as '*-test1'
    #####:  747:      positive = kUniversalFilter;
    %%%%%:  747-block  0
        -:  748:    }
        -:  749:  }
        -:  750:
        -:  751:  // A filter is a colon-separated list of patterns.  It matches a
        -:  752:  // test if any pattern in it matches the test.
      18*:  753:  return (MatchesFilter(full_name, positive.c_str()) &&
        9:  753-block  0
        9:  753-block  1
    %%%%%:  753-block  2
       27:  754:          !MatchesFilter(full_name, negative.c_str()));
        9:  754-block  0
        9:  754-block  1
        9:  754-block  2
        -:  755:}
        -:  756:
        -:  757:#if GTEST_HAS_SEH
        -:  758:// Returns EXCEPTION_EXECUTE_HANDLER if Google Test should handle the
        -:  759:// given SEH exception, or EXCEPTION_CONTINUE_SEARCH otherwise.
        -:  760:// This function is useful as an __except condition.
        -:  761:int UnitTestOptions::GTestShouldProcessSEH(DWORD exception_code) {
        -:  762:  // Google Test should handle a SEH exception if:
        -:  763:  //   1. the user wants it to, AND
        -:  764:  //   2. this is not a breakpoint exception, AND
        -:  765:  //   3. this is not a C++ exception (VC++ implements them via SEH,
        -:  766:  //      apparently).
        -:  767:  //
        -:  768:  // SEH exception code for C++ exceptions.
        -:  769:  // (see http://support.microsoft.com/kb/185294 for more information).
        -:  770:  const DWORD kCxxExceptionCode = 0xe06d7363;
        -:  771:
        -:  772:  bool should_handle = true;
        -:  773:
        -:  774:  if (!GTEST_FLAG(catch_exceptions))
        -:  775:    should_handle = false;
        -:  776:  else if (exception_code == EXCEPTION_BREAKPOINT)
        -:  777:    should_handle = false;
        -:  778:  else if (exception_code == kCxxExceptionCode)
        -:  779:    should_handle = false;
        -:  780:
        -:  781:  return should_handle ? EXCEPTION_EXECUTE_HANDLER : EXCEPTION_CONTINUE_SEARCH;
        -:  782:}
        -:  783:#endif  // GTEST_HAS_SEH
        -:  784:
        -:  785:}  // namespace internal
        -:  786:
        -:  787:// The c'tor sets this object as the test part result reporter used by
        -:  788:// Google Test.  The 'result' parameter specifies where to report the
        -:  789:// results. Intercepts only failures from the current thread.
    #####:  790:ScopedFakeTestPartResultReporter::ScopedFakeTestPartResultReporter(
    #####:  791:    TestPartResultArray* result)
        -:  792:    : intercept_mode_(INTERCEPT_ONLY_CURRENT_THREAD),
    #####:  793:      result_(result) {
    %%%%%:  793-block  0
    $$$$$:  793-block  1
    #####:  794:  Init();
    #####:  795:}
    %%%%%:  795-block  0
        -:  796:
        -:  797:// The c'tor sets this object as the test part result reporter used by
        -:  798:// Google Test.  The 'result' parameter specifies where to report the
        -:  799:// results.
    #####:  800:ScopedFakeTestPartResultReporter::ScopedFakeTestPartResultReporter(
    #####:  801:    InterceptMode intercept_mode, TestPartResultArray* result)
        -:  802:    : intercept_mode_(intercept_mode),
    #####:  803:      result_(result) {
    %%%%%:  803-block  0
    $$$$$:  803-block  1
    #####:  804:  Init();
    #####:  805:}
    %%%%%:  805-block  0
        -:  806:
    #####:  807:void ScopedFakeTestPartResultReporter::Init() {
    #####:  808:  internal::UnitTestImpl* const impl = internal::GetUnitTestImpl();
    %%%%%:  808-block  0
    #####:  809:  if (intercept_mode_ == INTERCEPT_ALL_THREADS) {
    #####:  810:    old_reporter_ = impl->GetGlobalTestPartResultReporter();
    %%%%%:  810-block  0
    #####:  811:    impl->SetGlobalTestPartResultReporter(this);
        -:  812:  } else {
    #####:  813:    old_reporter_ = impl->GetTestPartResultReporterForCurrentThread();
    %%%%%:  813-block  0
    #####:  814:    impl->SetTestPartResultReporterForCurrentThread(this);
        -:  815:  }
    #####:  816:}
        -:  817:
        -:  818:// The d'tor restores the test part result reporter used by Google Test
        -:  819:// before.
    #####:  820:ScopedFakeTestPartResultReporter::~ScopedFakeTestPartResultReporter() {
    #####:  821:  internal::UnitTestImpl* const impl = internal::GetUnitTestImpl();
    #####:  822:  if (intercept_mode_ == INTERCEPT_ALL_THREADS) {
    #####:  823:    impl->SetGlobalTestPartResultReporter(old_reporter_);
        -:  824:  } else {
    #####:  825:    impl->SetTestPartResultReporterForCurrentThread(old_reporter_);
        -:  826:  }
    #####:  827:}
------------------
_ZN7testing32ScopedFakeTestPartResultReporterD0Ev:
    #####:  820:ScopedFakeTestPartResultReporter::~ScopedFakeTestPartResultReporter() {
        -:  821:  internal::UnitTestImpl* const impl = internal::GetUnitTestImpl();
        -:  822:  if (intercept_mode_ == INTERCEPT_ALL_THREADS) {
        -:  823:    impl->SetGlobalTestPartResultReporter(old_reporter_);
        -:  824:  } else {
        -:  825:    impl->SetTestPartResultReporterForCurrentThread(old_reporter_);
        -:  826:  }
    #####:  827:}
    %%%%%:  827-block  0
------------------
_ZN7testing32ScopedFakeTestPartResultReporterD2Ev:
    #####:  820:ScopedFakeTestPartResultReporter::~ScopedFakeTestPartResultReporter() {
    %%%%%:  820-block  0
    #####:  821:  internal::UnitTestImpl* const impl = internal::GetUnitTestImpl();
    %%%%%:  821-block  0
    #####:  822:  if (intercept_mode_ == INTERCEPT_ALL_THREADS) {
    #####:  823:    impl->SetGlobalTestPartResultReporter(old_reporter_);
    %%%%%:  823-block  0
        -:  824:  } else {
    #####:  825:    impl->SetTestPartResultReporterForCurrentThread(old_reporter_);
    %%%%%:  825-block  0
        -:  826:  }
    #####:  827:}
------------------
        -:  828:
        -:  829:// Increments the test part result count and remembers the result.
        -:  830:// This method is from the TestPartResultReporterInterface interface.
    #####:  831:void ScopedFakeTestPartResultReporter::ReportTestPartResult(
        -:  832:    const TestPartResult& result) {
    #####:  833:  result_->Append(result);
    %%%%%:  833-block  0
    #####:  834:}
        -:  835:
        -:  836:namespace internal {
        -:  837:
        -:  838:// Returns the type ID of ::testing::Test.  We should always call this
        -:  839:// instead of GetTypeId< ::testing::Test>() to get the type ID of
        -:  840:// testing::Test.  This is to work around a suspected linker bug when
        -:  841:// using Google Test as a framework on Mac OS X.  The bug causes
        -:  842:// GetTypeId< ::testing::Test>() to return different values depending
        -:  843:// on whether the call is from the Google Test framework itself or
        -:  844:// from user test code.  GetTestTypeId() is guaranteed to always
        -:  845:// return the same value, as it always calls GetTypeId<>() from the
        -:  846:// gtest.cc, which is within the Google Test framework.
        1:  847:TypeId GetTestTypeId() {
        1:  848:  return GetTypeId<Test>();
        1:  848-block  0
        -:  849:}
        -:  850:
        -:  851:// The value of GetTestTypeId() as seen from within the Google Test
        -:  852:// library.  This is solely for testing GetTestTypeId().
        -:  853:extern const TypeId kTestTypeIdInGoogleTest = GetTestTypeId();
        -:  854:
        -:  855:// This predicate-formatter checks that 'results' contains a test part
        -:  856:// failure of the given type and that the failure message contains the
        -:  857:// given substring.
    #####:  858:static AssertionResult HasOneFailure(const char* /* results_expr */,
        -:  859:                                     const char* /* type_expr */,
        -:  860:                                     const char* /* substr_expr */,
        -:  861:                                     const TestPartResultArray& results,
        -:  862:                                     TestPartResult::Type type,
        -:  863:                                     const std::string& substr) {
        -:  864:  const std::string expected(type == TestPartResult::kFatalFailure ?
        -:  865:                        "1 fatal failure" :
    #####:  866:                        "1 non-fatal failure");
    %%%%%:  866-block  0
    %%%%%:  866-block  1
    %%%%%:  866-block  2
    %%%%%:  866-block  3
    $$$$$:  866-block  4
    $$$$$:  866-block  5
    #####:  867:  Message msg;
    %%%%%:  867-block  0
    $$$$$:  867-block  1
    #####:  868:  if (results.size() != 1) {
    %%%%%:  868-block  0
    #####:  869:    msg << "Expected: " << expected << "\n"
    %%%%%:  869-block  0
    %%%%%:  869-block  1
    %%%%%:  869-block  2
    #####:  870:        << "  Actual: " << results.size() << " failures";
    %%%%%:  870-block  0
    %%%%%:  870-block  1
    %%%%%:  870-block  2
    $$$$$:  870-block  3
    #####:  871:    for (int i = 0; i < results.size(); i++) {
    %%%%%:  871-block  0
    %%%%%:  871-block  1
    %%%%%:  871-block  2
    #####:  872:      msg << "\n" << results.GetTestPartResult(i);
    %%%%%:  872-block  0
    %%%%%:  872-block  1
    %%%%%:  872-block  2
        -:  873:    }
    #####:  874:    return AssertionFailure() << msg;
    %%%%%:  874-block  0
    %%%%%:  874-block  1
    %%%%%:  874-block  2
    %%%%%:  874-block  3
    $$$$$:  874-block  4
    $$$$$:  874-block  5
        -:  875:  }
        -:  876:
    #####:  877:  const TestPartResult& r = results.GetTestPartResult(0);
    %%%%%:  877-block  0
    #####:  878:  if (r.type() != type) {
    %%%%%:  878-block  0
    #####:  879:    return AssertionFailure() << "Expected: " << expected << "\n"
    %%%%%:  879-block  0
    %%%%%:  879-block  1
    %%%%%:  879-block  2
    %%%%%:  879-block  3
    %%%%%:  879-block  4
    $$$$$:  879-block  5
    $$$$$:  879-block  6
    #####:  880:                              << "  Actual:\n"
    %%%%%:  880-block  0
    #####:  881:                              << r;
    %%%%%:  881-block  0
    %%%%%:  881-block  1
        -:  882:  }
        -:  883:
    #####:  884:  if (strstr(r.message(), substr.c_str()) == nullptr) {
    %%%%%:  884-block  0
    #####:  885:    return AssertionFailure() << "Expected: " << expected << " containing \""
    %%%%%:  885-block  0
    %%%%%:  885-block  1
    %%%%%:  885-block  2
    %%%%%:  885-block  3
    %%%%%:  885-block  4
    $$$$$:  885-block  5
    $$$$$:  885-block  6
    #####:  886:                              << substr << "\"\n"
    %%%%%:  886-block  0
    %%%%%:  886-block  1
    #####:  887:                              << "  Actual:\n"
    %%%%%:  887-block  0
    #####:  888:                              << r;
    %%%%%:  888-block  0
    %%%%%:  888-block  1
        -:  889:  }
        -:  890:
    #####:  891:  return AssertionSuccess();
    %%%%%:  891-block  0
        -:  892:}
        -:  893:
        -:  894:// The constructor of SingleFailureChecker remembers where to look up
        -:  895:// test part results, what type of failure we expect, and what
        -:  896:// substring the failure message should contain.
    #####:  897:SingleFailureChecker::SingleFailureChecker(const TestPartResultArray* results,
        -:  898:                                           TestPartResult::Type type,
    #####:  899:                                           const std::string& substr)
    #####:  900:    : results_(results), type_(type), substr_(substr) {}
    %%%%%:  900-block  0
        -:  901:
        -:  902:// The destructor of SingleFailureChecker verifies that the given
        -:  903:// TestPartResultArray contains exactly one failure that has the given
        -:  904:// type and contains the given substring.  If that's not the case, a
        -:  905:// non-fatal failure will be generated.
    #####:  906:SingleFailureChecker::~SingleFailureChecker() {
    #####:  907:  EXPECT_PRED_FORMAT3(HasOneFailure, *results_, type_, substr_);
    %%%%%:  907-block  0
    %%%%%:  907-block  1
    %%%%%:  907-block  2
    #####:  908:}
        -:  909:
        1:  910:DefaultGlobalTestPartResultReporter::DefaultGlobalTestPartResultReporter(
        1:  911:    UnitTestImpl* unit_test) : unit_test_(unit_test) {}
        1:  911-block  0
        -:  912:
    #####:  913:void DefaultGlobalTestPartResultReporter::ReportTestPartResult(
        -:  914:    const TestPartResult& result) {
    #####:  915:  unit_test_->current_test_result()->AddTestPartResult(result);
    %%%%%:  915-block  0
    #####:  916:  unit_test_->listeners()->repeater()->OnTestPartResult(result);
    #####:  917:}
        -:  918:
        1:  919:DefaultPerThreadTestPartResultReporter::DefaultPerThreadTestPartResultReporter(
        1:  920:    UnitTestImpl* unit_test) : unit_test_(unit_test) {}
        1:  920-block  0
        -:  921:
    #####:  922:void DefaultPerThreadTestPartResultReporter::ReportTestPartResult(
        -:  923:    const TestPartResult& result) {
    #####:  924:  unit_test_->GetGlobalTestPartResultReporter()->ReportTestPartResult(result);
    %%%%%:  924-block  0
    #####:  925:}
        -:  926:
        -:  927:// Returns the global test part result reporter.
        -:  928:TestPartResultReporterInterface*
    #####:  929:UnitTestImpl::GetGlobalTestPartResultReporter() {
    #####:  930:  internal::MutexLock lock(&global_test_part_result_reporter_mutex_);
    %%%%%:  930-block  0
    #####:  931:  return global_test_part_result_repoter_;
    %%%%%:  931-block  0
    %%%%%:  931-block  1
        -:  932:}
        -:  933:
        -:  934:// Sets the global test part result reporter.
    #####:  935:void UnitTestImpl::SetGlobalTestPartResultReporter(
        -:  936:    TestPartResultReporterInterface* reporter) {
    #####:  937:  internal::MutexLock lock(&global_test_part_result_reporter_mutex_);
    %%%%%:  937-block  0
    #####:  938:  global_test_part_result_repoter_ = reporter;
    %%%%%:  938-block  0
    #####:  939:}
        -:  940:
        -:  941:// Returns the test part result reporter for the current thread.
        -:  942:TestPartResultReporterInterface*
    #####:  943:UnitTestImpl::GetTestPartResultReporterForCurrentThread() {
    #####:  944:  return per_thread_test_part_result_reporter_.get();
    %%%%%:  944-block  0
        -:  945:}
        -:  946:
        -:  947:// Sets the test part result reporter for the current thread.
    #####:  948:void UnitTestImpl::SetTestPartResultReporterForCurrentThread(
        -:  949:    TestPartResultReporterInterface* reporter) {
    #####:  950:  per_thread_test_part_result_reporter_.set(reporter);
    %%%%%:  950-block  0
    #####:  951:}
        -:  952:
        -:  953:// Gets the number of successful test suites.
    #####:  954:int UnitTestImpl::successful_test_suite_count() const {
    #####:  955:  return CountIf(test_suites_, TestSuitePassed);
    %%%%%:  955-block  0
        -:  956:}
        -:  957:
        -:  958:// Gets the number of failed test suites.
    #####:  959:int UnitTestImpl::failed_test_suite_count() const {
    #####:  960:  return CountIf(test_suites_, TestSuiteFailed);
    %%%%%:  960-block  0
        -:  961:}
        -:  962:
        -:  963:// Gets the number of all test suites.
    #####:  964:int UnitTestImpl::total_test_suite_count() const {
    #####:  965:  return static_cast<int>(test_suites_.size());
    %%%%%:  965-block  0
        -:  966:}
        -:  967:
        -:  968:// Gets the number of all test suites that contain at least one test
        -:  969:// that should run.
    #####:  970:int UnitTestImpl::test_suite_to_run_count() const {
    #####:  971:  return CountIf(test_suites_, ShouldRunTestSuite);
    %%%%%:  971-block  0
        -:  972:}
        -:  973:
        -:  974:// Gets the number of successful tests.
    #####:  975:int UnitTestImpl::successful_test_count() const {
    #####:  976:  return SumOverTestSuiteList(test_suites_, &TestSuite::successful_test_count);
    %%%%%:  976-block  0
        -:  977:}
        -:  978:
        -:  979:// Gets the number of skipped tests.
    #####:  980:int UnitTestImpl::skipped_test_count() const {
    #####:  981:  return SumOverTestSuiteList(test_suites_, &TestSuite::skipped_test_count);
    %%%%%:  981-block  0
        -:  982:}
        -:  983:
        -:  984:// Gets the number of failed tests.
    #####:  985:int UnitTestImpl::failed_test_count() const {
    #####:  986:  return SumOverTestSuiteList(test_suites_, &TestSuite::failed_test_count);
    %%%%%:  986-block  0
        -:  987:}
        -:  988:
        -:  989:// Gets the number of disabled tests that will be reported in the XML report.
    #####:  990:int UnitTestImpl::reportable_disabled_test_count() const {
    #####:  991:  return SumOverTestSuiteList(test_suites_,
    %%%%%:  991-block  0
    #####:  992:                              &TestSuite::reportable_disabled_test_count);
        -:  993:}
        -:  994:
        -:  995:// Gets the number of disabled tests.
    #####:  996:int UnitTestImpl::disabled_test_count() const {
    #####:  997:  return SumOverTestSuiteList(test_suites_, &TestSuite::disabled_test_count);
    %%%%%:  997-block  0
        -:  998:}
        -:  999:
        -: 1000:// Gets the number of tests to be printed in the XML report.
    #####: 1001:int UnitTestImpl::reportable_test_count() const {
    #####: 1002:  return SumOverTestSuiteList(test_suites_, &TestSuite::reportable_test_count);
    %%%%%: 1002-block  0
        -: 1003:}
        -: 1004:
        -: 1005:// Gets the number of all tests.
    #####: 1006:int UnitTestImpl::total_test_count() const {
    #####: 1007:  return SumOverTestSuiteList(test_suites_, &TestSuite::total_test_count);
    %%%%%: 1007-block  0
        -: 1008:}
        -: 1009:
        -: 1010:// Gets the number of tests that should run.
    #####: 1011:int UnitTestImpl::test_to_run_count() const {
    #####: 1012:  return SumOverTestSuiteList(test_suites_, &TestSuite::test_to_run_count);
    %%%%%: 1012-block  0
        -: 1013:}
        -: 1014:
        -: 1015:// Returns the current OS stack trace as an std::string.
        -: 1016://
        -: 1017:// The maximum number of stack frames to be included is specified by
        -: 1018:// the gtest_stack_trace_depth flag.  The skip_count parameter
        -: 1019:// specifies the number of top frames to be skipped, which doesn't
        -: 1020:// count against the number of frames to be included.
        -: 1021://
        -: 1022:// For example, if Foo() calls Bar(), which in turn calls
        -: 1023:// CurrentOsStackTraceExceptTop(1), Foo() will be included in the
        -: 1024:// trace but Bar() and CurrentOsStackTraceExceptTop() won't.
    #####: 1025:std::string UnitTestImpl::CurrentOsStackTraceExceptTop(int skip_count) {
    #####: 1026:  return os_stack_trace_getter()->CurrentStackTrace(
    %%%%%: 1026-block  0
        -: 1027:      static_cast<int>(GTEST_FLAG(stack_trace_depth)),
        -: 1028:      skip_count + 1
        -: 1029:      // Skips the user-specified number of frames plus this function
        -: 1030:      // itself.
    #####: 1031:      );  // NOLINT
        -: 1032:}
        -: 1033:
        -: 1034:// Returns the current time in milliseconds.
    #####: 1035:TimeInMillis GetTimeInMillis() {
    #####: 1036:  return std::chrono::duration_cast<std::chrono::milliseconds>(
    #####: 1037:             std::chrono::system_clock::now() -
    $$$$$: 1037-block  0
    $$$$$: 1037-block  1
    #####: 1038:             std::chrono::system_clock::from_time_t(0))
    %%%%%: 1038-block  0
    %%%%%: 1038-block  1
    #####: 1039:      .count();
    %%%%%: 1039-block  0
    %%%%%: 1039-block  1
        -: 1040:}
        -: 1041:
        -: 1042:// Utilities
        -: 1043:
        -: 1044:// class String.
        -: 1045:
        -: 1046:#if GTEST_OS_WINDOWS_MOBILE
        -: 1047:// Creates a UTF-16 wide string from the given ANSI string, allocating
        -: 1048:// memory using new. The caller is responsible for deleting the return
        -: 1049:// value using delete[]. Returns the wide string, or NULL if the
        -: 1050:// input is NULL.
        -: 1051:LPCWSTR String::AnsiToUtf16(const char* ansi) {
        -: 1052:  if (!ansi) return nullptr;
        -: 1053:  const int length = strlen(ansi);
        -: 1054:  const int unicode_length =
        -: 1055:      MultiByteToWideChar(CP_ACP, 0, ansi, length, nullptr, 0);
        -: 1056:  WCHAR* unicode = new WCHAR[unicode_length + 1];
        -: 1057:  MultiByteToWideChar(CP_ACP, 0, ansi, length,
        -: 1058:                      unicode, unicode_length);
        -: 1059:  unicode[unicode_length] = 0;
        -: 1060:  return unicode;
        -: 1061:}
        -: 1062:
        -: 1063:// Creates an ANSI string from the given wide string, allocating
        -: 1064:// memory using new. The caller is responsible for deleting the return
        -: 1065:// value using delete[]. Returns the ANSI string, or NULL if the
        -: 1066:// input is NULL.
        -: 1067:const char* String::Utf16ToAnsi(LPCWSTR utf16_str)  {
        -: 1068:  if (!utf16_str) return nullptr;
        -: 1069:  const int ansi_length = WideCharToMultiByte(CP_ACP, 0, utf16_str, -1, nullptr,
        -: 1070:                                              0, nullptr, nullptr);
        -: 1071:  char* ansi = new char[ansi_length + 1];
        -: 1072:  WideCharToMultiByte(CP_ACP, 0, utf16_str, -1, ansi, ansi_length, nullptr,
        -: 1073:                      nullptr);
        -: 1074:  ansi[ansi_length] = 0;
        -: 1075:  return ansi;
        -: 1076:}
        -: 1077:
        -: 1078:#endif  // GTEST_OS_WINDOWS_MOBILE
        -: 1079:
        -: 1080:// Compares two C strings.  Returns true if and only if they have the same
        -: 1081:// content.
        -: 1082://
        -: 1083:// Unlike strcmp(), this function can handle NULL argument(s).  A NULL
        -: 1084:// C string is considered different to any non-NULL C string,
        -: 1085:// including the empty string.
    #####: 1086:bool String::CStringEquals(const char * lhs, const char * rhs) {
    #####: 1087:  if (lhs == nullptr) return rhs == nullptr;
    %%%%%: 1087-block  0
    %%%%%: 1087-block  1
        -: 1088:
    #####: 1089:  if (rhs == nullptr) return false;
    %%%%%: 1089-block  0
    %%%%%: 1089-block  1
        -: 1090:
    #####: 1091:  return strcmp(lhs, rhs) == 0;
    %%%%%: 1091-block  0
        -: 1092:}
        -: 1093:
        -: 1094:#if GTEST_HAS_STD_WSTRING
        -: 1095:
        -: 1096:// Converts an array of wide chars to a narrow string using the UTF-8
        -: 1097:// encoding, and streams the result to the given Message object.
    #####: 1098:static void StreamWideCharsToMessage(const wchar_t* wstr, size_t length,
        -: 1099:                                     Message* msg) {
    #####: 1100:  for (size_t i = 0; i != length; ) {  // NOLINT
    %%%%%: 1100-block  0
    %%%%%: 1100-block  1
    %%%%%: 1100-block  2
    #####: 1101:    if (wstr[i] != L'\0') {
    %%%%%: 1101-block  0
    #####: 1102:      *msg << WideStringToUtf8(wstr + i, static_cast<int>(length - i));
    %%%%%: 1102-block  0
    %%%%%: 1102-block  1
    $$$$$: 1102-block  2
    $$$$$: 1102-block  3
    #####: 1103:      while (i != length && wstr[i] != L'\0')
    %%%%%: 1103-block  0
    %%%%%: 1103-block  1
    #####: 1104:        i++;
    %%%%%: 1104-block  0
        -: 1105:    } else {
    #####: 1106:      *msg << '\0';
    %%%%%: 1106-block  0
    #####: 1107:      i++;
    %%%%%: 1107-block  0
        -: 1108:    }
        -: 1109:  }
    #####: 1110:}
    %%%%%: 1110-block  0
        -: 1111:
        -: 1112:#endif  // GTEST_HAS_STD_WSTRING
        -: 1113:
    #####: 1114:void SplitString(const ::std::string& str, char delimiter,
        -: 1115:                 ::std::vector< ::std::string>* dest) {
    #####: 1116:  ::std::vector< ::std::string> parsed;
    %%%%%: 1116-block  0
    $$$$$: 1116-block  1
    #####: 1117:  ::std::string::size_type pos = 0;
    #####: 1118:  while (::testing::internal::AlwaysTrue()) {
    %%%%%: 1118-block  0
    %%%%%: 1118-block  1
    #####: 1119:    const ::std::string::size_type colon = str.find(delimiter, pos);
    %%%%%: 1119-block  0
    #####: 1120:    if (colon == ::std::string::npos) {
    #####: 1121:      parsed.push_back(str.substr(pos));
    %%%%%: 1121-block  0
    %%%%%: 1121-block  1
    %%%%%: 1121-block  2
    $$$$$: 1121-block  3
    $$$$$: 1121-block  4
    #####: 1122:      break;
        -: 1123:    } else {
    #####: 1124:      parsed.push_back(str.substr(pos, colon - pos));
    %%%%%: 1124-block  0
    %%%%%: 1124-block  1
    %%%%%: 1124-block  2
    $$$$$: 1124-block  3
    $$$$$: 1124-block  4
    #####: 1125:      pos = colon + 1;
        -: 1126:    }
        -: 1127:  }
    #####: 1128:  dest->swap(parsed);
    %%%%%: 1128-block  0
    #####: 1129:}
        -: 1130:
        -: 1131:}  // namespace internal
        -: 1132:
        -: 1133:// Constructs an empty Message.
        -: 1134:// We allocate the stringstream separately because otherwise each use of
        -: 1135:// ASSERT/EXPECT in a procedure adds over 200 bytes to the procedure's
        -: 1136:// stack frame leading to huge stack frames in some cases; gcc does not reuse
        -: 1137:// the stack space.
       45: 1138:Message::Message() : ss_(new ::std::stringstream) {
       45: 1138-block  0
       45: 1138-block  1
    $$$$$: 1138-block  2
    $$$$$: 1138-block  3
        -: 1139:  // By default, we want there to be enough precision when printing
        -: 1140:  // a double to a Message.
       45: 1141:  *ss_ << std::setprecision(std::numeric_limits<double>::digits10 + 2);
       45: 1142:}
       45: 1142-block  0
        -: 1143:
        -: 1144:// These two overloads allow streaming a wide C string to a Message
        -: 1145:// using the UTF-8 encoding.
    #####: 1146:Message& Message::operator <<(const wchar_t* wide_c_str) {
    #####: 1147:  return *this << internal::String::ShowWideCString(wide_c_str);
    %%%%%: 1147-block  0
    %%%%%: 1147-block  1
    %%%%%: 1147-block  2
    $$$$$: 1147-block  3
        -: 1148:}
    #####: 1149:Message& Message::operator <<(wchar_t* wide_c_str) {
    #####: 1150:  return *this << internal::String::ShowWideCString(wide_c_str);
    %%%%%: 1150-block  0
    %%%%%: 1150-block  1
    %%%%%: 1150-block  2
    $$$$$: 1150-block  3
        -: 1151:}
        -: 1152:
        -: 1153:#if GTEST_HAS_STD_WSTRING
        -: 1154:// Converts the given wide string to a narrow string using the UTF-8
        -: 1155:// encoding, and streams the result to this Message object.
    #####: 1156:Message& Message::operator <<(const ::std::wstring& wstr) {
    #####: 1157:  internal::StreamWideCharsToMessage(wstr.c_str(), wstr.length(), this);
    %%%%%: 1157-block  0
    #####: 1158:  return *this;
        -: 1159:}
        -: 1160:#endif  // GTEST_HAS_STD_WSTRING
        -: 1161:
        -: 1162:// Gets the text streamed to this object so far as an std::string.
        -: 1163:// Each '\0' character in the buffer is replaced with "\\0".
       45: 1164:std::string Message::GetString() const {
       45: 1165:  return internal::StringStreamToString(ss_.get());
       45: 1165-block  0
        -: 1166:}
        -: 1167:
        -: 1168:// AssertionResult constructors.
        -: 1169:// Used in EXPECT_TRUE/FALSE(assertion_result).
    #####: 1170:AssertionResult::AssertionResult(const AssertionResult& other)
    #####: 1171:    : success_(other.success_),
    #####: 1172:      message_(other.message_.get() != nullptr
    #####: 1173:                   ? new ::std::string(*other.message_)
    %%%%%: 1173-block  0
    $$$$$: 1173-block  1
    #####: 1174:                   : static_cast< ::std::string*>(nullptr)) {}
    %%%%%: 1174-block  0
    %%%%%: 1174-block  1
    %%%%%: 1174-block  2
    %%%%%: 1174-block  3
        -: 1175:
        -: 1176:// Swaps two AssertionResults.
    #####: 1177:void AssertionResult::swap(AssertionResult& other) {
        -: 1178:  using std::swap;
    #####: 1179:  swap(success_, other.success_);
    %%%%%: 1179-block  0
    #####: 1180:  swap(message_, other.message_);
    #####: 1181:}
        -: 1182:
        -: 1183:// Returns the assertion's negation. Used with EXPECT/ASSERT_FALSE.
    #####: 1184:AssertionResult AssertionResult::operator!() const {
    #####: 1185:  AssertionResult negation(!success_);
    %%%%%: 1185-block  0
    #####: 1186:  if (message_.get() != nullptr) negation << *message_;
    %%%%%: 1186-block  0
    #####: 1187:  return negation;
    %%%%%: 1187-block  0
    %%%%%: 1187-block  1
        -: 1188:}
        -: 1189:
        -: 1190:// Makes a successful assertion result.
    #####: 1191:AssertionResult AssertionSuccess() {
    #####: 1192:  return AssertionResult(true);
    %%%%%: 1192-block  0
        -: 1193:}
        -: 1194:
        -: 1195:// Makes a failed assertion result.
    #####: 1196:AssertionResult AssertionFailure() {
    #####: 1197:  return AssertionResult(false);
    %%%%%: 1197-block  0
        -: 1198:}
        -: 1199:
        -: 1200:// Makes a failed assertion result with the given failure message.
        -: 1201:// Deprecated; use AssertionFailure() << message.
    #####: 1202:AssertionResult AssertionFailure(const Message& message) {
    #####: 1203:  return AssertionFailure() << message;
    %%%%%: 1203-block  0
    %%%%%: 1203-block  1
    %%%%%: 1203-block  2
    %%%%%: 1203-block  3
    $$$$$: 1203-block  4
        -: 1204:}
        -: 1205:
        -: 1206:namespace internal {
        -: 1207:
        -: 1208:namespace edit_distance {
    #####: 1209:std::vector<EditType> CalculateOptimalEdits(const std::vector<size_t>& left,
        -: 1210:                                            const std::vector<size_t>& right) {
        -: 1211:  std::vector<std::vector<double> > costs(
    #####: 1212:      left.size() + 1, std::vector<double>(right.size() + 1));
    %%%%%: 1212-block  0
    %%%%%: 1212-block  1
    $$$$$: 1212-block  2
    $$$$$: 1212-block  3
    $$$$$: 1212-block  4
    $$$$$: 1212-block  5
        -: 1213:  std::vector<std::vector<EditType> > best_move(
    #####: 1214:      left.size() + 1, std::vector<EditType>(right.size() + 1));
    %%%%%: 1214-block  0
    %%%%%: 1214-block  1
    $$$$$: 1214-block  2
    $$$$$: 1214-block  3
    $$$$$: 1214-block  4
    $$$$$: 1214-block  5
        -: 1215:
        -: 1216:  // Populate for empty right.
    #####: 1217:  for (size_t l_i = 0; l_i < costs.size(); ++l_i) {
    %%%%%: 1217-block  0
    #####: 1218:    costs[l_i][0] = static_cast<double>(l_i);
    %%%%%: 1218-block  0
    #####: 1219:    best_move[l_i][0] = kRemove;
        -: 1220:  }
        -: 1221:  // Populate for empty left.
    #####: 1222:  for (size_t r_i = 1; r_i < costs[0].size(); ++r_i) {
    %%%%%: 1222-block  0
    %%%%%: 1222-block  1
    #####: 1223:    costs[0][r_i] = static_cast<double>(r_i);
    %%%%%: 1223-block  0
    #####: 1224:    best_move[0][r_i] = kAdd;
        -: 1225:  }
        -: 1226:
    #####: 1227:  for (size_t l_i = 0; l_i < left.size(); ++l_i) {
    %%%%%: 1227-block  0
    %%%%%: 1227-block  1
    %%%%%: 1227-block  2
    #####: 1228:    for (size_t r_i = 0; r_i < right.size(); ++r_i) {
    %%%%%: 1228-block  0
    %%%%%: 1228-block  1
    %%%%%: 1228-block  2
    #####: 1229:      if (left[l_i] == right[r_i]) {
    %%%%%: 1229-block  0
        -: 1230:        // Found a match. Consume it.
    #####: 1231:        costs[l_i + 1][r_i + 1] = costs[l_i][r_i];
    %%%%%: 1231-block  0
    #####: 1232:        best_move[l_i + 1][r_i + 1] = kMatch;
    #####: 1233:        continue;
        -: 1234:      }
        -: 1235:
    #####: 1236:      const double add = costs[l_i + 1][r_i];
    %%%%%: 1236-block  0
    #####: 1237:      const double remove = costs[l_i][r_i + 1];
    #####: 1238:      const double replace = costs[l_i][r_i];
    #####: 1239:      if (add < remove && add < replace) {
    %%%%%: 1239-block  0
    #####: 1240:        costs[l_i + 1][r_i + 1] = add + 1;
    %%%%%: 1240-block  0
[...]
    %%%%%: 6387-block  1
    %%%%%: 6387-block  2
    $$$$$: 6387-block  3
    $$$$$: 6387-block  4
    #####: 6388:                      << "\"";
    %%%%%: 6388-block  0
    %%%%%: 6388-block  1
        -: 6389:  }
    #####: 6390:  std::string contents(ReadEntireFile(flagfile));
    %%%%%: 6390-block  0
    $$$$$: 6390-block  1
    #####: 6391:  posix::FClose(flagfile);
    %%%%%: 6391-block  0
    #####: 6392:  std::vector<std::string> lines;
    %%%%%: 6392-block  0
    %%%%%: 6392-block  1
    $$$$$: 6392-block  2
    #####: 6393:  SplitString(contents, '\n', &lines);
    #####: 6394:  for (size_t i = 0; i < lines.size(); ++i) {
    %%%%%: 6394-block  0
    %%%%%: 6394-block  1
    %%%%%: 6394-block  2
    #####: 6395:    if (lines[i].empty())
    %%%%%: 6395-block  0
    #####: 6396:      continue;
    %%%%%: 6396-block  0
    #####: 6397:    if (!ParseGoogleTestFlag(lines[i].c_str()))
    %%%%%: 6397-block  0
    %%%%%: 6397-block  1
    #####: 6398:      g_help_flag = true;
    %%%%%: 6398-block  0
        -: 6399:  }
    #####: 6400:}
        -: 6401:#endif  // GTEST_USE_OWN_FLAGFILE_FLAG_
        -: 6402:
        -: 6403:// Parses the command line for Google Test flags, without initializing
        -: 6404:// other parts of Google Test.  The type parameter CharType can be
        -: 6405:// instantiated to either char or wchar_t.
        -: 6406:template <typename CharType>
       1*: 6407:void ParseGoogleTestFlagsOnlyImpl(int* argc, CharType** argv) {
       3*: 6408:  for (int i = 1; i < *argc; i++) {
       4*: 6409:    const std::string arg_string = StreamableToString(argv[i]);
       2*: 6410:    const char* const arg = arg_string.c_str();
        -: 6411:
        -: 6412:    using internal::ParseBoolFlag;
        -: 6413:    using internal::ParseInt32Flag;
        -: 6414:    using internal::ParseStringFlag;
        -: 6415:
       2*: 6416:    bool remove_flag = false;
       2*: 6417:    if (ParseGoogleTestFlag(arg)) {
       2*: 6418:      remove_flag = true;
        -: 6419:#if GTEST_USE_OWN_FLAGFILE_FLAG_
    #####: 6420:    } else if (ParseStringFlag(arg, kFlagfileFlag, &GTEST_FLAG(flagfile))) {
    #####: 6421:      LoadFlagsFromFile(GTEST_FLAG(flagfile));
    #####: 6422:      remove_flag = true;
        -: 6423:#endif  // GTEST_USE_OWN_FLAGFILE_FLAG_
    #####: 6424:    } else if (arg_string == "--help" || arg_string == "-h" ||
    #####: 6425:               arg_string == "-?" || arg_string == "/?" ||
    #####: 6426:               HasGoogleTestFlagPrefix(arg)) {
        -: 6427:      // Both help flag and unrecognized Google Test flags (excluding
        -: 6428:      // internal ones) trigger help display.
    #####: 6429:      g_help_flag = true;
        -: 6430:    }
        -: 6431:
       2*: 6432:    if (remove_flag) {
        -: 6433:      // Shift the remainder of the argv list left by one.  Note
        -: 6434:      // that argv has (*argc + 1) elements, the last one always being
        -: 6435:      // NULL.  The following loop moves the trailing NULL element as
        -: 6436:      // well.
       5*: 6437:      for (int j = i; j != *argc; j++) {
       3*: 6438:        argv[j] = argv[j + 1];
        -: 6439:      }
        -: 6440:
        -: 6441:      // Decrements the argument count.
       2*: 6442:      (*argc)--;
        -: 6443:
        -: 6444:      // We also need to decrement the iterator as we just removed
        -: 6445:      // an element.
       2*: 6446:      i--;
        -: 6447:    }
        -: 6448:  }
        -: 6449:
       1*: 6450:  if (g_help_flag) {
        -: 6451:    // We print the help here instead of in RUN_ALL_TESTS(), as the
        -: 6452:    // latter may not be called at all if the user is using Google
        -: 6453:    // Test with another testing framework.
    #####: 6454:    PrintColorEncoded(kColorEncodedHelpMessage);
        -: 6455:  }
       1*: 6456:}
------------------
_ZN7testing8internal28ParseGoogleTestFlagsOnlyImplIwEEvPiPPT_:
    #####: 6407:void ParseGoogleTestFlagsOnlyImpl(int* argc, CharType** argv) {
    #####: 6408:  for (int i = 1; i < *argc; i++) {
    %%%%%: 6408-block  0
    %%%%%: 6408-block  1
    #####: 6409:    const std::string arg_string = StreamableToString(argv[i]);
    %%%%%: 6409-block  0
    %%%%%: 6409-block  1
    $$$$$: 6409-block  2
    #####: 6410:    const char* const arg = arg_string.c_str();
    %%%%%: 6410-block  0
        -: 6411:
        -: 6412:    using internal::ParseBoolFlag;
        -: 6413:    using internal::ParseInt32Flag;
        -: 6414:    using internal::ParseStringFlag;
        -: 6415:
    #####: 6416:    bool remove_flag = false;
    #####: 6417:    if (ParseGoogleTestFlag(arg)) {
    %%%%%: 6417-block  0
    #####: 6418:      remove_flag = true;
    %%%%%: 6418-block  0
        -: 6419:#if GTEST_USE_OWN_FLAGFILE_FLAG_
    #####: 6420:    } else if (ParseStringFlag(arg, kFlagfileFlag, &GTEST_FLAG(flagfile))) {
    %%%%%: 6420-block  0
    %%%%%: 6420-block  1
    #####: 6421:      LoadFlagsFromFile(GTEST_FLAG(flagfile));
    %%%%%: 6421-block  0
    #####: 6422:      remove_flag = true;
    %%%%%: 6422-block  0
        -: 6423:#endif  // GTEST_USE_OWN_FLAGFILE_FLAG_
    #####: 6424:    } else if (arg_string == "--help" || arg_string == "-h" ||
    %%%%%: 6424-block  0
    %%%%%: 6424-block  1
    #####: 6425:               arg_string == "-?" || arg_string == "/?" ||
    %%%%%: 6425-block  0
    %%%%%: 6425-block  1
    %%%%%: 6425-block  2
    %%%%%: 6425-block  3
    %%%%%: 6425-block  4
    #####: 6426:               HasGoogleTestFlagPrefix(arg)) {
    %%%%%: 6426-block  0
        -: 6427:      // Both help flag and unrecognized Google Test flags (excluding
        -: 6428:      // internal ones) trigger help display.
    #####: 6429:      g_help_flag = true;
    %%%%%: 6429-block  0
        -: 6430:    }
        -: 6431:
    #####: 6432:    if (remove_flag) {
    %%%%%: 6432-block  0
        -: 6433:      // Shift the remainder of the argv list left by one.  Note
        -: 6434:      // that argv has (*argc + 1) elements, the last one always being
        -: 6435:      // NULL.  The following loop moves the trailing NULL element as
        -: 6436:      // well.
    #####: 6437:      for (int j = i; j != *argc; j++) {
    %%%%%: 6437-block  0
    %%%%%: 6437-block  1
    #####: 6438:        argv[j] = argv[j + 1];
    %%%%%: 6438-block  0
        -: 6439:      }
        -: 6440:
        -: 6441:      // Decrements the argument count.
    #####: 6442:      (*argc)--;
        -: 6443:
        -: 6444:      // We also need to decrement the iterator as we just removed
        -: 6445:      // an element.
    #####: 6446:      i--;
    %%%%%: 6446-block  0
        -: 6447:    }
        -: 6448:  }
        -: 6449:
    #####: 6450:  if (g_help_flag) {
    %%%%%: 6450-block  0
        -: 6451:    // We print the help here instead of in RUN_ALL_TESTS(), as the
        -: 6452:    // latter may not be called at all if the user is using Google
        -: 6453:    // Test with another testing framework.
    #####: 6454:    PrintColorEncoded(kColorEncodedHelpMessage);
    %%%%%: 6454-block  0
        -: 6455:  }
    #####: 6456:}
    %%%%%: 6456-block  0
------------------
_ZN7testing8internal28ParseGoogleTestFlagsOnlyImplIcEEvPiPPT_:
        1: 6407:void ParseGoogleTestFlagsOnlyImpl(int* argc, CharType** argv) {
        3: 6408:  for (int i = 1; i < *argc; i++) {
        1: 6408-block  0
        3: 6408-block  1
        4: 6409:    const std::string arg_string = StreamableToString(argv[i]);
        2: 6409-block  0
        2: 6409-block  1
    $$$$$: 6409-block  2
        2: 6410:    const char* const arg = arg_string.c_str();
        2: 6410-block  0
        -: 6411:
        -: 6412:    using internal::ParseBoolFlag;
        -: 6413:    using internal::ParseInt32Flag;
        -: 6414:    using internal::ParseStringFlag;
        -: 6415:
        2: 6416:    bool remove_flag = false;
        2: 6417:    if (ParseGoogleTestFlag(arg)) {
        2: 6417-block  0
        2: 6418:      remove_flag = true;
        2: 6418-block  0
        -: 6419:#if GTEST_USE_OWN_FLAGFILE_FLAG_
    #####: 6420:    } else if (ParseStringFlag(arg, kFlagfileFlag, &GTEST_FLAG(flagfile))) {
    %%%%%: 6420-block  0
    %%%%%: 6420-block  1
    #####: 6421:      LoadFlagsFromFile(GTEST_FLAG(flagfile));
    %%%%%: 6421-block  0
    #####: 6422:      remove_flag = true;
    %%%%%: 6422-block  0
        -: 6423:#endif  // GTEST_USE_OWN_FLAGFILE_FLAG_
    #####: 6424:    } else if (arg_string == "--help" || arg_string == "-h" ||
    %%%%%: 6424-block  0
    %%%%%: 6424-block  1
    #####: 6425:               arg_string == "-?" || arg_string == "/?" ||
    %%%%%: 6425-block  0
    %%%%%: 6425-block  1
    %%%%%: 6425-block  2
    %%%%%: 6425-block  3
    %%%%%: 6425-block  4
    #####: 6426:               HasGoogleTestFlagPrefix(arg)) {
    %%%%%: 6426-block  0
        -: 6427:      // Both help flag and unrecognized Google Test flags (excluding
        -: 6428:      // internal ones) trigger help display.
    #####: 6429:      g_help_flag = true;
    %%%%%: 6429-block  0
        -: 6430:    }
        -: 6431:
        2: 6432:    if (remove_flag) {
        2: 6432-block  0
        -: 6433:      // Shift the remainder of the argv list left by one.  Note
        -: 6434:      // that argv has (*argc + 1) elements, the last one always being
        -: 6435:      // NULL.  The following loop moves the trailing NULL element as
        -: 6436:      // well.
        5: 6437:      for (int j = i; j != *argc; j++) {
        2: 6437-block  0
        5: 6437-block  1
        3: 6438:        argv[j] = argv[j + 1];
        3: 6438-block  0
        -: 6439:      }
        -: 6440:
        -: 6441:      // Decrements the argument count.
        2: 6442:      (*argc)--;
        -: 6443:
        -: 6444:      // We also need to decrement the iterator as we just removed
        -: 6445:      // an element.
        2: 6446:      i--;
        2: 6446-block  0
        -: 6447:    }
        -: 6448:  }
        -: 6449:
        1: 6450:  if (g_help_flag) {
        1: 6450-block  0
        -: 6451:    // We print the help here instead of in RUN_ALL_TESTS(), as the
        -: 6452:    // latter may not be called at all if the user is using Google
        -: 6453:    // Test with another testing framework.
    #####: 6454:    PrintColorEncoded(kColorEncodedHelpMessage);
    %%%%%: 6454-block  0
        -: 6455:  }
        1: 6456:}
        1: 6456-block  0
------------------
        -: 6457:
        -: 6458:// Parses the command line for Google Test flags, without initializing
        -: 6459:// other parts of Google Test.
        1: 6460:void ParseGoogleTestFlagsOnly(int* argc, char** argv) {
        1: 6461:  ParseGoogleTestFlagsOnlyImpl(argc, argv);
        1: 6461-block  0
        -: 6462:
        -: 6463:  // Fix the value of *_NSGetArgc() on macOS, but if and only if
        -: 6464:  // *_NSGetArgv() == argv
        -: 6465:  // Only applicable to char** version of argv
        -: 6466:#if GTEST_OS_MAC
        -: 6467:#ifndef GTEST_OS_IOS
        -: 6468:  if (*_NSGetArgv() == argv) {
        -: 6469:    *_NSGetArgc() = *argc;
        -: 6470:  }
        -: 6471:#endif
        -: 6472:#endif
        1: 6473:}
    #####: 6474:void ParseGoogleTestFlagsOnly(int* argc, wchar_t** argv) {
    #####: 6475:  ParseGoogleTestFlagsOnlyImpl(argc, argv);
    %%%%%: 6475-block  0
    #####: 6476:}
        -: 6477:
        -: 6478:// The internal implementation of InitGoogleTest().
        -: 6479://
        -: 6480:// The type parameter CharType can be instantiated to either char or
        -: 6481:// wchar_t.
        -: 6482:template <typename CharType>
       1*: 6483:void InitGoogleTestImpl(int* argc, CharType** argv) {
        -: 6484:  // We don't want to run the initialization code twice.
       1*: 6485:  if (GTestIsInitialized()) return;
        -: 6486:
       1*: 6487:  if (*argc <= 0) return;
        -: 6488:
       1*: 6489:  g_argvs.clear();
       4*: 6490:  for (int i = 0; i != *argc; i++) {
       3*: 6491:    g_argvs.push_back(StreamableToString(argv[i]));
        -: 6492:  }
        -: 6493:
        -: 6494:#if GTEST_HAS_ABSL
        -: 6495:  absl::InitializeSymbolizer(g_argvs[0].c_str());
        -: 6496:#endif  // GTEST_HAS_ABSL
        -: 6497:
       1*: 6498:  ParseGoogleTestFlagsOnly(argc, argv);
       1*: 6499:  GetUnitTestImpl()->PostFlagParsingInit();
        -: 6500:}
------------------
_ZN7testing8internal18InitGoogleTestImplIwEEvPiPPT_:
    #####: 6483:void InitGoogleTestImpl(int* argc, CharType** argv) {
        -: 6484:  // We don't want to run the initialization code twice.
    #####: 6485:  if (GTestIsInitialized()) return;
    %%%%%: 6485-block  0
    %%%%%: 6485-block  1
        -: 6486:
    #####: 6487:  if (*argc <= 0) return;
    %%%%%: 6487-block  0
    %%%%%: 6487-block  1
        -: 6488:
    #####: 6489:  g_argvs.clear();
    %%%%%: 6489-block  0
    #####: 6490:  for (int i = 0; i != *argc; i++) {
    %%%%%: 6490-block  0
    #####: 6491:    g_argvs.push_back(StreamableToString(argv[i]));
    %%%%%: 6491-block  0
    %%%%%: 6491-block  1
    $$$$$: 6491-block  2
        -: 6492:  }
        -: 6493:
        -: 6494:#if GTEST_HAS_ABSL
        -: 6495:  absl::InitializeSymbolizer(g_argvs[0].c_str());
        -: 6496:#endif  // GTEST_HAS_ABSL
        -: 6497:
    #####: 6498:  ParseGoogleTestFlagsOnly(argc, argv);
    %%%%%: 6498-block  0
    #####: 6499:  GetUnitTestImpl()->PostFlagParsingInit();
        -: 6500:}
------------------
_ZN7testing8internal18InitGoogleTestImplIcEEvPiPPT_:
        1: 6483:void InitGoogleTestImpl(int* argc, CharType** argv) {
        -: 6484:  // We don't want to run the initialization code twice.
       1*: 6485:  if (GTestIsInitialized()) return;
        1: 6485-block  0
    %%%%%: 6485-block  1
        -: 6486:
       1*: 6487:  if (*argc <= 0) return;
        1: 6487-block  0
    %%%%%: 6487-block  1
        -: 6488:
        1: 6489:  g_argvs.clear();
        1: 6489-block  0
        4: 6490:  for (int i = 0; i != *argc; i++) {
        4: 6490-block  0
        3: 6491:    g_argvs.push_back(StreamableToString(argv[i]));
        3: 6491-block  0
        3: 6491-block  1
    $$$$$: 6491-block  2
        -: 6492:  }
        -: 6493:
        -: 6494:#if GTEST_HAS_ABSL
        -: 6495:  absl::InitializeSymbolizer(g_argvs[0].c_str());
        -: 6496:#endif  // GTEST_HAS_ABSL
        -: 6497:
        1: 6498:  ParseGoogleTestFlagsOnly(argc, argv);
        1: 6498-block  0
        1: 6499:  GetUnitTestImpl()->PostFlagParsingInit();
        -: 6500:}
------------------
        -: 6501:
        -: 6502:}  // namespace internal
        -: 6503:
        -: 6504:// Initializes Google Test.  This must be called before calling
        -: 6505:// RUN_ALL_TESTS().  In particular, it parses a command line for the
        -: 6506:// flags that Google Test recognizes.  Whenever a Google Test flag is
        -: 6507:// seen, it is removed from argv, and *argc is decremented.
        -: 6508://
        -: 6509:// No value is returned.  Instead, the Google Test flag variables are
        -: 6510:// updated.
        -: 6511://
        -: 6512:// Calling the function for the second time has no user-visible effect.
        1: 6513:void InitGoogleTest(int* argc, char** argv) {
        -: 6514:#if defined(GTEST_CUSTOM_INIT_GOOGLE_TEST_FUNCTION_)
        -: 6515:  GTEST_CUSTOM_INIT_GOOGLE_TEST_FUNCTION_(argc, argv);
        -: 6516:#else  // defined(GTEST_CUSTOM_INIT_GOOGLE_TEST_FUNCTION_)
        1: 6517:  internal::InitGoogleTestImpl(argc, argv);
        1: 6517-block  0
        -: 6518:#endif  // defined(GTEST_CUSTOM_INIT_GOOGLE_TEST_FUNCTION_)
        1: 6519:}
        -: 6520:
        -: 6521:// This overloaded version can be used in Windows programs compiled in
        -: 6522:// UNICODE mode.
    #####: 6523:void InitGoogleTest(int* argc, wchar_t** argv) {
        -: 6524:#if defined(GTEST_CUSTOM_INIT_GOOGLE_TEST_FUNCTION_)
        -: 6525:  GTEST_CUSTOM_INIT_GOOGLE_TEST_FUNCTION_(argc, argv);
        -: 6526:#else  // defined(GTEST_CUSTOM_INIT_GOOGLE_TEST_FUNCTION_)
    #####: 6527:  internal::InitGoogleTestImpl(argc, argv);
    %%%%%: 6527-block  0
        -: 6528:#endif  // defined(GTEST_CUSTOM_INIT_GOOGLE_TEST_FUNCTION_)
    #####: 6529:}
        -: 6530:
        -: 6531:// This overloaded version can be used on Arduino/embedded platforms where
        -: 6532:// there is no argc/argv.
    #####: 6533:void InitGoogleTest() {
        -: 6534:  // Since Arduino doesn't have a command line, fake out the argc/argv arguments
    #####: 6535:  int argc = 1;
    #####: 6536:  const auto arg0 = "dummy";
    #####: 6537:  char* argv0 = const_cast<char*>(arg0);
    #####: 6538:  char** argv = &argv0;
        -: 6539:
        -: 6540:#if defined(GTEST_CUSTOM_INIT_GOOGLE_TEST_FUNCTION_)
        -: 6541:  GTEST_CUSTOM_INIT_GOOGLE_TEST_FUNCTION_(&argc, argv);
        -: 6542:#else  // defined(GTEST_CUSTOM_INIT_GOOGLE_TEST_FUNCTION_)
    #####: 6543:  internal::InitGoogleTestImpl(&argc, argv);
    %%%%%: 6543-block  0
        -: 6544:#endif  // defined(GTEST_CUSTOM_INIT_GOOGLE_TEST_FUNCTION_)
    #####: 6545:}
    %%%%%: 6545-block  0
        -: 6546:
    #####: 6547:std::string TempDir() {
        -: 6548:#if defined(GTEST_CUSTOM_TEMPDIR_FUNCTION_)
        -: 6549:  return GTEST_CUSTOM_TEMPDIR_FUNCTION_();
        -: 6550:#elif GTEST_OS_WINDOWS_MOBILE
        -: 6551:  return "\\temp\\";
        -: 6552:#elif GTEST_OS_WINDOWS
        -: 6553:  const char* temp_dir = internal::posix::GetEnv("TEMP");
        -: 6554:  if (temp_dir == nullptr || temp_dir[0] == '\0') {
        -: 6555:    return "\\temp\\";
        -: 6556:  } else if (temp_dir[strlen(temp_dir) - 1] == '\\') {
        -: 6557:    return temp_dir;
        -: 6558:  } else {
        -: 6559:    return std::string(temp_dir) + "\\";
        -: 6560:  }
        -: 6561:#elif GTEST_OS_LINUX_ANDROID
        -: 6562:  const char* temp_dir = internal::posix::GetEnv("TEST_TMPDIR");
        -: 6563:  if (temp_dir == nullptr || temp_dir[0] == '\0') {
        -: 6564:    return "/data/local/tmp/";
        -: 6565:  } else {
        -: 6566:    return temp_dir;
        -: 6567:  }
        -: 6568:#elif GTEST_OS_LINUX
    #####: 6569:  const char* temp_dir = internal::posix::GetEnv("TEST_TMPDIR");
    %%%%%: 6569-block  0
    #####: 6570:  if (temp_dir == nullptr || temp_dir[0] == '\0') {
    %%%%%: 6570-block  0
    #####: 6571:    return "/tmp/";
    %%%%%: 6571-block  0
    %%%%%: 6571-block  1
    $$$$$: 6571-block  2
    $$$$$: 6571-block  3
        -: 6572:  } else {
    #####: 6573:    return temp_dir;
    %%%%%: 6573-block  0
    %%%%%: 6573-block  1
    $$$$$: 6573-block  2
    $$$$$: 6573-block  3
        -: 6574:  }
        -: 6575:#else
        -: 6576:  return "/tmp/";
        -: 6577:#endif  // GTEST_OS_WINDOWS_MOBILE
        -: 6578:}
        -: 6579:
        -: 6580:// Class ScopedTrace
        -: 6581:
        -: 6582:// Pushes the given source file location and message onto a per-thread
        -: 6583:// trace stack maintained by Google Test.
    #####: 6584:void ScopedTrace::PushTrace(const char* file, int line, std::string message) {
    #####: 6585:  internal::TraceInfo trace;
    %%%%%: 6585-block  0
    %%%%%: 6585-block  1
    $$$$$: 6585-block  2
    #####: 6586:  trace.file = file;
    #####: 6587:  trace.line = line;
    #####: 6588:  trace.message.swap(message);
        -: 6589:
    #####: 6590:  UnitTest::GetInstance()->PushGTestTrace(trace);
    %%%%%: 6590-block  0
    #####: 6591:}
        -: 6592:
        -: 6593:// Pops the info pushed by the c'tor.
    #####: 6594:ScopedTrace::~ScopedTrace()
        -: 6595:    GTEST_LOCK_EXCLUDED_(&UnitTest::mutex_) {
    #####: 6596:  UnitTest::GetInstance()->PopGTestTrace();
    %%%%%: 6596-block  0
    #####: 6597:}
        -: 6598:
        -: 6599:}  // namespace testing
