        -:    0:Source:/home/tedro/Desktop/semester_2/IVS/proj1/assignment/tdd_code.cpp
        -:    0:Graph:/home/tedro/Desktop/semester_2/IVS/proj1/assignment/cmake-build-debug/CMakeFiles/tdd_test.dir/tdd_code.cpp.gcno
        -:    0:Data:/home/tedro/Desktop/semester_2/IVS/proj1/assignment/cmake-build-debug/CMakeFiles/tdd_test.dir/tdd_code.cpp.gcda
        -:    0:Runs:1
        -:    1://======== Copyright (c) 2021, FIT VUT Brno, All rights reserved. ============//
        -:    2://
        -:    3:// Purpose:     Test Driven Development - priority queue code
        -:    4://
        -:    5:// $NoKeywords: $ivs_project_1 $tdd_code.cpp
        -:    6:// $Author:     JMENO PRIJMENI <xlogin00@stud.fit.vutbr.cz>
        -:    7:// $Date:       $2021-01-04
        -:    8://============================================================================//
        -:    9:/**
        -:   10: * @file tdd_code.cpp
        -:   11: * @author JMENO PRIJMENI
        -:   12: * 
        -:   13: * @brief Implementace metod tridy prioritni fronty.
        -:   14: */
        -:   15:
        -:   16:#include <stdlib.h>
        -:   17:#include <stdio.h>
        -:   18:
        -:   19:#include "tdd_code.h"
        -:   20:
        -:   21://============================================================================//
        -:   22:// ** ZDE DOPLNTE IMPLEMENTACI **
        -:   23://
        -:   24:// Zde doplnte implementaci verejneho rozhrani prioritni fronty (Priority Queue)
        -:   25:// 1. Verejne rozhrani fronty specifikovane v: tdd_code.h (sekce "public:")
        -:   26://    - Konstruktor (PriorityQueue()), Destruktor (~PriorityQueue())
        -:   27://    - Metody Insert/Remove/Find a GetHead
        -:   28://    - Pripadne vase metody definovane v tdd_code.h (sekce "protected:")
        -:   29://
        -:   30:// Cilem je dosahnout plne funkcni implementace prioritni fronty implementovane
        -:   31:// pomoci tzv. "double-linked list", ktera bude splnovat dodane testy 
        -:   32:// (tdd_tests.cpp).
        -:   33://============================================================================//
        -:   34:
    #####:   35:PriorityQueue::PriorityQueue()
        -:   36:{
        -:   37:  /*
        -:   38:  m_pHead = new Element_t{
        -:   39:    .pNext = nullptr,
        -:   40:    .value = 0
        -:   41:  };
        -:   42:   */
    #####:   43:}
        -:   44:
    #####:   45:PriorityQueue::~PriorityQueue()
        -:   46:{
    #####:   47:  m_pHead = nullptr;
    #####:   48:}
        -:   49:
    #####:   50:void PriorityQueue::Insert(int value)
        -:   51:{
    #####:   52:  if(!m_pHead){
    %%%%%:   52-block  0
    #####:   53:    m_pHead = new Element_t{
        -:   54:      .pNext = nullptr,
        -:   55:      .value = value
    #####:   56:    };
    %%%%%:   56-block  0
        -:   57:  }
        -:   58:  else {
    #####:   59:    Element_t *tmp = m_pHead;
    %%%%%:   59-block  0
    #####:   60:    while (tmp->value > value) {
    %%%%%:   60-block  0
        -:   61:      //Vlozenie na koniec
    #####:   62:      if(tmp->pNext == nullptr){
    %%%%%:   62-block  0
    #####:   63:        tmp->pNext = new Element_t{
        -:   64:          .pNext = nullptr,
        -:   65:          .value = value
    #####:   66:        };
    %%%%%:   66-block  0
    #####:   67:        return;
        -:   68:      }
    #####:   69:      tmp = tmp->pNext;
    %%%%%:   69-block  0
        -:   70:    }
    #####:   71:    Element_t *tmp2 = tmp->pNext;
    #####:   72:    if(m_pHead->value <= value){
    %%%%%:   72-block  0
    #####:   73:      tmp2 = tmp;
    #####:   74:      m_pHead = new Element_t{
        -:   75:        .pNext = tmp2,
        -:   76:        .value = value
    #####:   77:      };
    %%%%%:   77-block  0
    #####:   78:      return;
        -:   79:    }
    #####:   80:    tmp->pNext = new Element_t{
        -:   81:      .pNext = tmp2,
        -:   82:      .value = value
    #####:   83:    };
    %%%%%:   83-block  0
        -:   84:  }
        -:   85:}
        -:   86:
    #####:   87:bool PriorityQueue::Remove(int value)
        -:   88:{
    #####:   89:  if(!m_pHead)
    %%%%%:   89-block  0
    #####:   90:    return false;
    %%%%%:   90-block  0
    #####:   91:  if(m_pHead->value == value)
    %%%%%:   91-block  0
    #####:   92:    m_pHead = m_pHead->pNext;
    %%%%%:   92-block  0
        -:   93:  
    #####:   94:  Element_t *tmp = m_pHead;
    %%%%%:   94-block  0
    #####:   95:  while(tmp->pNext != nullptr && tmp->pNext->value != value) {
    %%%%%:   95-block  0
    %%%%%:   95-block  1
    #####:   96:    if(tmp->pNext->pNext == nullptr)
    %%%%%:   96-block  0
    #####:   97:      return false;
    %%%%%:   97-block  0
    #####:   98:    tmp = tmp->pNext;
    %%%%%:   98-block  0
        -:   99:  }
    #####:  100:  tmp->pNext = tmp->pNext->pNext;
        -:  101:  //prev->pNext = tmp->pNext;
    #####:  102:  return true;
    %%%%%:  102-block  0
        -:  103:}
        -:  104:
    #####:  105:PriorityQueue::Element_t *PriorityQueue::Find(int value)
        -:  106:{
    #####:  107:  Element_t *tmp = m_pHead;
    %%%%%:  107-block  0
    #####:  108:  while(tmp->value != value) {
    %%%%%:  108-block  0
    #####:  109:    if(tmp->pNext == nullptr)
    %%%%%:  109-block  0
    #####:  110:      return nullptr;
    %%%%%:  110-block  0
    #####:  111:    tmp = tmp->pNext;
    %%%%%:  111-block  0
        -:  112:  }
    #####:  113:  return tmp;
    %%%%%:  113-block  0
        -:  114:}
        -:  115:
    #####:  116:size_t PriorityQueue::Length()
        -:  117:{
    #####:  118:  Element_t *tmp = m_pHead;
    #####:  119:  int i = 0;
    %%%%%:  119-block  0
    #####:  120:  for (; tmp; i++)
    %%%%%:  120-block  0
    #####:  121:    tmp = tmp->pNext;
    %%%%%:  121-block  0
    #####:  122:  return i;
    %%%%%:  122-block  0
        -:  123:}
        -:  124:
    #####:  125:PriorityQueue::Element_t *PriorityQueue::GetHead()
        -:  126:{
    #####:  127:  return m_pHead;
    %%%%%:  127-block  0
        -:  128:}
        -:  129:
        -:  130:/*** Konec souboru tdd_code.cpp ***/
