Performing C SOURCE FILE Test CMAKE_HAVE_LIBC_PTHREAD failed with the following output:
Change Dir: /home/tedro/Desktop/D Projekty/VUT/1BIT/semester_2/IVS/proj1/assignment/build/CMakeFiles/CMakeTmp

Run Build Command(s):/usr/bin/make cmTC_a3f7a/fast && /usr/bin/make -f CMakeFiles/cmTC_a3f7a.dir/build.make CMakeFiles/cmTC_a3f7a.dir/build
make[1]: Entering directory '/home/tedro/Desktop/D Projekty/VUT/1BIT/semester_2/IVS/proj1/assignment/build/CMakeFiles/CMakeTmp'
Building C object CMakeFiles/cmTC_a3f7a.dir/src.c.o
/usr/bin/cc   -g -O0 -fprofile-arcs -ftest-coverage -DCMAKE_HAVE_LIBC_PTHREAD   -o CMakeFiles/cmTC_a3f7a.dir/src.c.o   -c "/home/tedro/Desktop/D Projekty/VUT/1BIT/semester_2/IVS/proj1/assignment/build/CMakeFiles/CMakeTmp/src.c"
Linking C executable cmTC_a3f7a
/usr/bin/cmake -E cmake_link_script CMakeFiles/cmTC_a3f7a.dir/link.txt --verbose=1
/usr/bin/cc  -g -O0 -fprofile-arcs -ftest-coverage -DCMAKE_HAVE_LIBC_PTHREAD    -rdynamic CMakeFiles/cmTC_a3f7a.dir/src.c.o  -o cmTC_a3f7a 
/usr/bin/ld: CMakeFiles/cmTC_a3f7a.dir/src.c.o: in function `main':
/home/tedro/Desktop/D Projekty/VUT/1BIT/semester_2/IVS/proj1/assignment/build/CMakeFiles/CMakeTmp/src.c:11: undefined reference to `pthread_create'
/usr/bin/ld: /home/tedro/Desktop/D Projekty/VUT/1BIT/semester_2/IVS/proj1/assignment/build/CMakeFiles/CMakeTmp/src.c:12: undefined reference to `pthread_detach'
/usr/bin/ld: /home/tedro/Desktop/D Projekty/VUT/1BIT/semester_2/IVS/proj1/assignment/build/CMakeFiles/CMakeTmp/src.c:13: undefined reference to `pthread_join'
collect2: error: ld returned 1 exit status
make[1]: *** [CMakeFiles/cmTC_a3f7a.dir/build.make:87: cmTC_a3f7a] Error 1
make[1]: Leaving directory '/home/tedro/Desktop/D Projekty/VUT/1BIT/semester_2/IVS/proj1/assignment/build/CMakeFiles/CMakeTmp'
make: *** [Makefile:121: cmTC_a3f7a/fast] Error 2


Source file was:
#include <pthread.h>

void* test_func(void* data)
{
  return data;
}

int main(void)
{
  pthread_t thread;
  pthread_create(&thread, NULL, test_func, NULL);
  pthread_detach(thread);
  pthread_join(thread, NULL);
  pthread_atfork(NULL, NULL, NULL);
  pthread_exit(NULL);

  return 0;
}

Determining if the function pthread_create exists in the pthreads failed with the following output:
Change Dir: /home/tedro/Desktop/D Projekty/VUT/1BIT/semester_2/IVS/proj1/assignment/build/CMakeFiles/CMakeTmp

Run Build Command(s):/usr/bin/make cmTC_2776e/fast && /usr/bin/make -f CMakeFiles/cmTC_2776e.dir/build.make CMakeFiles/cmTC_2776e.dir/build
make[1]: Entering directory '/home/tedro/Desktop/D Projekty/VUT/1BIT/semester_2/IVS/proj1/assignment/build/CMakeFiles/CMakeTmp'
Building C object CMakeFiles/cmTC_2776e.dir/CheckFunctionExists.c.o
/usr/bin/cc   -g -O0 -fprofile-arcs -ftest-coverage -DCHECK_FUNCTION_EXISTS=pthread_create   -o CMakeFiles/cmTC_2776e.dir/CheckFunctionExists.c.o   -c /usr/share/cmake-3.16/Modules/CheckFunctionExists.c
Linking C executable cmTC_2776e
/usr/bin/cmake -E cmake_link_script CMakeFiles/cmTC_2776e.dir/link.txt --verbose=1
/usr/bin/cc  -g -O0 -fprofile-arcs -ftest-coverage -DCHECK_FUNCTION_EXISTS=pthread_create    -rdynamic CMakeFiles/cmTC_2776e.dir/CheckFunctionExists.c.o  -o cmTC_2776e  -lpthreads 
/usr/bin/ld: cannot find -lpthreads
collect2: error: ld returned 1 exit status
make[1]: *** [CMakeFiles/cmTC_2776e.dir/build.make:87: cmTC_2776e] Error 1
make[1]: Leaving directory '/home/tedro/Desktop/D Projekty/VUT/1BIT/semester_2/IVS/proj1/assignment/build/CMakeFiles/CMakeTmp'
make: *** [Makefile:121: cmTC_2776e/fast] Error 2



